Using pre-set license
Built from '2020.2/staging' branch; Version is '2020.2.7f1 (c53830e277f1) revision 12924976'; Using compiler version '192528614'; Build Type 'Release'
OS: 'Windows 10 Pro; OS build 19043.1415; Version 2009; 64bit' Language: 'ja' Physical Memory: 8109 MB
BatchMode: 1, IsHumanControllingUs: 0, StartBugReporterOnCrash: 0, Is64bit: 1, IsPro: 0

 COMMAND LINE ARGUMENTS:
C:\Program Files\Unity\Hub\Editor\2020.2.7f1\Editor\Unity.exe
-adb2
-batchMode
-noUpm
-name
AssetImportWorker6
-projectPath
C:/Users/mgczc/Desktop/Kakutou1Week
-logFile
Logs/AssetImportWorker6.log
-srvPort
50235
Successfully changed project path to: C:/Users/mgczc/Desktop/Kakutou1Week
C:/Users/mgczc/Desktop/Kakutou1Week
Using Asset Import Pipeline V2.
Refreshing native plugins compatible for Editor in 94.50 ms, found 0 plugins.
Preloading 0 native plugins for Editor in 0.00 ms.
Initialize engine version: 2020.2.7f1 (c53830e277f1)
[Subsystems] Discovering subsystems at path C:/Program Files/Unity/Hub/Editor/2020.2.7f1/Editor/Data/Resources/UnitySubsystems
[Subsystems] Discovering subsystems at path C:/Users/mgczc/Desktop/Kakutou1Week/Assets
GfxDevice: creating device client; threaded=0
Direct3D:
    Version:  Direct3D 11.0 [level 11.1]
    Renderer: Intel(R) HD Graphics 620 (ID=0x5916)
    Vendor:   
    VRAM:     4054 MB
    Driver:   27.20.100.8682
Initialize mono
Mono path[0] = 'C:/Program Files/Unity/Hub/Editor/2020.2.7f1/Editor/Data/Managed'
Mono path[1] = 'C:/Program Files/Unity/Hub/Editor/2020.2.7f1/Editor/Data/MonoBleedingEdge/lib/mono/unityjit'
Mono config path = 'C:/Program Files/Unity/Hub/Editor/2020.2.7f1/Editor/Data/MonoBleedingEdge/etc'
Using monoOptions --debugger-agent=transport=dt_socket,embedding=1,server=y,suspend=n,address=127.0.0.1:56452
Begin MonoManager ReloadAssembly
Registering precompiled unity dll's ...
Register platform support module: C:/Program Files/Unity/Hub/Editor/2020.2.7f1/Editor/Data/PlaybackEngines/WindowsStandaloneSupport/UnityEditor.WindowsStandalone.Extensions.dll
Registered in 0.007013 seconds.
Native extension for WindowsStandalone target not found
Refreshing native plugins compatible for Editor in 93.73 ms, found 0 plugins.
Preloading 0 native plugins for Editor in 0.00 ms.
Invoked RoslynAnalysisRunner static constructor.
RoslynAnalysisRunner will not be running.
RoslynAnalysisRunner has terminated.
Mono: successfully reloaded assembly
- Completed reload, in  3.998 seconds
Platform modules already initialized, skipping
Registering precompiled user dll's ...
Registered in 0.003198 seconds.
Begin MonoManager ReloadAssembly
Native extension for WindowsStandalone target not found
Refreshing native plugins compatible for Editor in 0.44 ms, found 0 plugins.
Preloading 0 native plugins for Editor in 0.00 ms.
Invoked RoslynAnalysisRunner static constructor.
RoslynAnalysisRunner will not be running.
RoslynAnalysisRunner has terminated.
Mono: successfully reloaded assembly
- Completed reload, in  3.083 seconds
Platform modules already initialized, skipping
========================================================================
Worker process is ready to serve import requests
Launched and connected shader compiler UnityShaderCompiler.exe after 0.24 seconds
Refreshing native plugins compatible for Editor in 0.73 ms, found 0 plugins.
Preloading 0 native plugins for Editor in 0.00 ms.
Unloading 1137 Unused Serialized files (Serialized files now loaded: 0)
System memory in use before: 61.7 MB.
System memory in use after: 61.8 MB.

Unloading 9 unused Assets to reduce memory usage. Loaded Objects now: 1582.
Total: 2.496200 ms (FindLiveObjects: 0.187100 ms CreateObjectMapping: 0.058800 ms MarkObjects: 2.131300 ms  DeleteObjects: 0.112000 ms)

========================================================================
Received Import Request.
  path: Assets/Packages/UnityChan/Animations/Jump.anim
  artifactKey: Guid(6c274e3dd487f45658adf6788ea8d991) Importer(815301076,1909f56bfc062723c751e8b465ee728b)
Start importing Assets/Packages/UnityChan/Animations/Jump.anim using Guid(6c274e3dd487f45658adf6788ea8d991) Importer(815301076,1909f56bfc062723c751e8b465ee728b)  -> (artifact id: '66a5c56276948eec59b724c07ddcfd15') in 1.012951 seconds
  Import took 1.027263 seconds .

Crash!!!
SymInit: Symbol-SearchPath: 'C:/Program Files/Unity/Hub/Editor/2020.2.7f1/Editor/Data/Mono;.;C:\Users\mgczc\Desktop\Kakutou1Week;C:\Program Files\Unity\Hub\Editor\2020.2.7f1\Editor;C:\WINDOWS;C:\WINDOWS\system32;SRV*C:\websymbols*http://msdl.microsoft.com/download/symbols;', symOptions: 534, UserName: 'ayumin'
OS-Version: 10.0.0
C:\Program Files\Unity\Hub\Editor\2020.2.7f1\Editor\Unity.exe:Unity.exe (00007FF69D7F0000), size: 134434816 (result: 0), SymType: '-deferred-', PDB: '', fileVersion: 2020.2.7.14384
C:\WINDOWS\SYSTEM32\ntdll.dll:ntdll.dll (00007FFEE2A90000), size: 2052096 (result: 0), SymType: '-deferred-', PDB: '', fileVersion: 10.0.19041.1288
C:\WINDOWS\System32\KERNEL32.DLL:KERNEL32.DLL (00007FFEE2550000), size: 778240 (result: 0), SymType: '-deferred-', PDB: '', fileVersion: 10.0.19041.1348
C:\WINDOWS\System32\KERNELBASE.dll:KERNELBASE.dll (00007FFEE0520000), size: 2916352 (result: 0), SymType: '-deferred-', PDB: '', fileVersion: 10.0.19041.1387
C:\WINDOWS\System32\CRYPT32.dll:CRYPT32.dll (00007FFEE07F0000), size: 1400832 (result: 0), SymType: '-deferred-', PDB: '', fileVersion: 10.0.19041.1320
C:\WINDOWS\System32\ucrtbase.dll:ucrtbase.dll (00007FFEE0420000), size: 1048576 (result: 0), SymType: '-deferred-', PDB: '', fileVersion: 10.0.19041.789
C:\WINDOWS\System32\USER32.dll:USER32.dll (00007FFEE2870000), size: 1708032 (result: 0), SymType: '-deferred-', PDB: '', fileVersion: 10.0.19041.1202
C:\WINDOWS\System32\win32u.dll:win32u.dll (00007FFEE09F0000), size: 139264 (result: 0), SymType: '-deferred-', PDB: '', fileVersion: 10.0.19041.1387
C:\WINDOWS\System32\GDI32.dll:GDI32.dll (00007FFEE2770000), size: 176128 (result: 0), SymType: '-deferred-', PDB: '', fileVersion: 10.0.19041.1202
C:\Program Files\Unity\Hub\Editor\2020.2.7f1\Editor\libfbxsdk.dll:libfbxsdk.dll (00007FFE78E40000), size: 8974336 (result: 0), SymType: '-deferred-', PDB: '', fileVersion: 2020.0.0.0
C:\WINDOWS\System32\gdi32full.dll:gdi32full.dll (00007FFEE01F0000), size: 1101824 (result: 0), SymType: '-deferred-', PDB: '', fileVersion: 10.0.19041.1387
C:\WINDOWS\System32\msvcp_win.dll:msvcp_win.dll (00007FFEE0950000), size: 643072 (result: 0), SymType: '-deferred-', PDB: '', fileVersion: 10.0.19041.789
C:\WINDOWS\System32\ADVAPI32.dll:ADVAPI32.dll (00007FFEE26C0000), size: 704512 (result: 0), SymType: '-deferred-', PDB: '', fileVersion: 10.0.19041.1052
C:\WINDOWS\System32\msvcrt.dll:msvcrt.dll (00007FFEE2610000), size: 647168 (result: 0), SymType: '-deferred-', PDB: '', fileVersion: 7.0.19041.546
C:\WINDOWS\System32\SHELL32.dll:SHELL32.dll (00007FFEE1510000), size: 7618560 (result: 0), SymType: '-deferred-', PDB: '', fileVersion: 10.0.19041.1387
C:\WINDOWS\System32\sechost.dll:sechost.dll (00007FFEE0F60000), size: 634880 (result: 0), SymType: '-deferred-', PDB: '', fileVersion: 10.0.19041.1415
C:\WINDOWS\System32\RPCRT4.dll:RPCRT4.dll (00007FFEE0DD0000), size: 1220608 (result: 0), SymType: '-deferred-', PDB: '', fileVersion: 10.0.19041.1288
C:\WINDOWS\System32\SHLWAPI.dll:SHLWAPI.dll (00007FFEE1120000), size: 348160 (result: 0), SymType: '-deferred-', PDB: '', fileVersion: 10.0.19041.1023
C:\WINDOWS\System32\ole32.dll:ole32.dll (00007FFEE12F0000), size: 1220608 (result: 0), SymType: '-deferred-', PDB: '', fileVersion: 10.0.19041.1202
C:\WINDOWS\System32\combase.dll:combase.dll (00007FFEE20E0000), size: 3493888 (result: 0), SymType: '-deferred-', PDB: '', fileVersion: 10.0.19041.1348
C:\WINDOWS\System32\IMM32.dll:IMM32.dll (00007FFEE2A20000), size: 196608 (result: 0), SymType: '-deferred-', PDB: '', fileVersion: 10.0.19041.546
C:\WINDOWS\System32\SETUPAPI.dll:SETUPAPI.dll (00007FFEE1C60000), size: 4661248 (result: 0), SymType: '-deferred-', PDB: '', fileVersion: 10.0.19041.1237
C:\WINDOWS\System32\cfgmgr32.dll:cfgmgr32.dll (00007FFEE01A0000), size: 319488 (result: 0), SymType: '-deferred-', PDB: '', fileVersion: 10.0.19041.1151
C:\WINDOWS\System32\bcrypt.dll:bcrypt.dll (00007FFEE0390000), size: 159744 (result: 0), SymType: '-deferred-', PDB: '', fileVersion: 10.0.19041.1023
C:\Program Files\Unity\Hub\Editor\2020.2.7f1\Editor\umbraoptimizer64.dll:umbraoptimizer64.dll (00007FFEC1DC0000), size: 1306624 (result: 0), SymType: '-deferred-', PDB: ''
C:\WINDOWS\System32\WS2_32.dll:WS2_32.dll (00007FFEE1420000), size: 438272 (result: 0), SymType: '-deferred-', PDB: '', fileVersion: 10.0.19041.546
C:\Program Files\Unity\Hub\Editor\2020.2.7f1\Editor\OpenImageDenoise.dll:OpenImageDenoise.dll (00007FFE4F200000), size: 43806720 (result: 0), SymType: '-deferred-', PDB: ''
C:\Program Files\Unity\Hub\Editor\2020.2.7f1\Editor\optix.6.0.0.dll:optix.6.0.0.dll (00007FFEC9320000), size: 208896 (result: 0), SymType: '-deferred-', PDB: '', fileVersion: 6.0.0.0
C:\WINDOWS\System32\WLDAP32.dll:WLDAP32.dll (00007FFEE0F00000), size: 352256 (result: 0), SymType: '-deferred-', PDB: '', fileVersion: 10.0.19041.546
C:\WINDOWS\System32\Normaliz.dll:Normaliz.dll (00007FFEE0AD0000), size: 32768 (result: 0), SymType: '-deferred-', PDB: '', fileVersion: 10.0.19041.546
C:\Program Files\Unity\Hub\Editor\2020.2.7f1\Editor\FreeImage.dll:FreeImage.dll (0000000180000000), size: 6414336 (result: 0), SymType: '-deferred-', PDB: '', fileVersion: 3.18.0.0
C:\Program Files\Unity\Hub\Editor\2020.2.7f1\Editor\ispc_texcomp.dll:ispc_texcomp.dll (00007FFEC23D0000), size: 1609728 (result: 0), SymType: '-deferred-', PDB: ''
C:\Program Files\Unity\Hub\Editor\2020.2.7f1\Editor\WinPixEventRuntime.dll:WinPixEventRuntime.dll (00007FFED7CA0000), size: 45056 (result: 0), SymType: '-deferred-', PDB: '', fileVersion: 1.0.1812.6001
C:\WINDOWS\System32\OLEAUT32.dll:OLEAUT32.dll (00007FFEE27A0000), size: 839680 (result: 0), SymType: '-deferred-', PDB: '', fileVersion: 10.0.19041.985
C:\WINDOWS\System32\WINTRUST.dll:WINTRUST.dll (00007FFEE03C0000), size: 393216 (result: 0), SymType: '-deferred-', PDB: '', fileVersion: 10.0.19041.1266
C:\WINDOWS\SYSTEM32\GLU32.dll:GLU32.dll (00007FFECA680000), size: 180224 (result: 0), SymType: '-deferred-', PDB: '', fileVersion: 10.0.19041.1081
C:\WINDOWS\SYSTEM32\IPHLPAPI.DLL:IPHLPAPI.DLL (00007FFEDF570000), size: 241664 (result: 0), SymType: '-deferred-', PDB: '', fileVersion: 10.0.19041.546
C:\WINDOWS\SYSTEM32\WINHTTP.dll:WINHTTP.dll (00007FFED6150000), size: 1097728 (result: 0), SymType: '-deferred-', PDB: '', fileVersion: 10.0.19041.1320
C:\WINDOWS\SYSTEM32\WINMM.dll:WINMM.dll (00007FFEC0780000), size: 159744 (result: 0), SymType: '-deferred-', PDB: '', fileVersion: 10.0.19041.546
C:\WINDOWS\SYSTEM32\HID.DLL:HID.DLL (00007FFEDEA30000), size: 53248 (result: 0), SymType: '-deferred-', PDB: '', fileVersion: 10.0.19041.546
C:\Program Files\Unity\Hub\Editor\2020.2.7f1\Editor\RadeonImageFilters.dll:RadeonImageFilters.dll (00007FFEB5CC0000), size: 2535424 (result: 0), SymType: '-deferred-', PDB: '', fileVersion: 1.5.1.0
C:\Program Files\Unity\Hub\Editor\2020.2.7f1\Editor\SketchUpAPI.dll:SketchUpAPI.dll (00007FFE76060000), size: 8978432 (result: 0), SymType: '-deferred-', PDB: '', fileVersion: 19.0.753.0
C:\WINDOWS\SYSTEM32\VCRUNTIME140.dll:VCRUNTIME140.dll (00007FFEC7880000), size: 110592 (result: 0), SymType: '-deferred-', PDB: '', fileVersion: 14.29.30135.0
C:\Program Files\Unity\Hub\Editor\2020.2.7f1\Editor\tbb.dll:tbb.dll (00007FFEC6150000), size: 413696 (result: 0), SymType: '-deferred-', PDB: '', fileVersion: 2017.0.2016.1004
C:\WINDOWS\SYSTEM32\MSVCP140.dll:MSVCP140.dll (00007FFEC5C20000), size: 577536 (result: 0), SymType: '-deferred-', PDB: '', fileVersion: 14.29.30135.0
C:\WINDOWS\SYSTEM32\CRYPTBASE.DLL:CRYPTBASE.DLL (00007FFEDFA70000), size: 49152 (result: 0), SymType: '-deferred-', PDB: '', fileVersion: 10.0.19041.546
C:\WINDOWS\SYSTEM32\VERSION.dll:VERSION.dll (00007FFECC330000), size: 40960 (result: 0), SymType: '-deferred-', PDB: '', fileVersion: 10.0.19041.546
C:\WINDOWS\SYSTEM32\WSOCK32.dll:WSOCK32.dll (00007FFED7C50000), size: 36864 (result: 0), SymType: '-deferred-', PDB: '', fileVersion: 10.0.19041.1
C:\WINDOWS\SYSTEM32\OPENGL32.dll:OPENGL32.dll (00007FFEC2100000), size: 1200128 (result: 0), SymType: '-deferred-', PDB: '', fileVersion: 10.0.19041.1081
C:\WINDOWS\SYSTEM32\Secur32.dll:Secur32.dll (00007FFEC3F10000), size: 49152 (result: 0), SymType: '-deferred-', PDB: '', fileVersion: 10.0.19041.546
C:\Program Files\Unity\Hub\Editor\2020.2.7f1\Editor\SketchUpCommonPreferences.dll:SketchUpCommonPreferences.dll (00007FFEC62D0000), size: 483328 (result: 0), SymType: '-deferred-', PDB: '', fileVersion: 19.0.753.20342
C:\WINDOWS\SYSTEM32\MSVCP120.dll:MSVCP120.dll (00007FFEC5670000), size: 679936 (result: 0), SymType: '-deferred-', PDB: '', fileVersion: 12.0.40664.0
C:\WINDOWS\SYSTEM32\MSVCR120.dll:MSVCR120.dll (00007FFEC5A90000), size: 978944 (result: 0), SymType: '-deferred-', PDB: '', fileVersion: 12.0.40664.0
C:\WINDOWS\SYSTEM32\VCRUNTIME140_1.dll:VCRUNTIME140_1.dll (00007FFEC9B60000), size: 49152 (result: 0), SymType: '-deferred-', PDB: '', fileVersion: 14.29.30135.0
C:\WINDOWS\SYSTEM32\SSPICLI.DLL:SSPICLI.DLL (00007FFEE0090000), size: 200704 (result: 0), SymType: '-deferred-', PDB: '', fileVersion: 10.0.19041.1266
C:\Program Files\Unity\Hub\Editor\2020.2.7f1\Editor\OpenRL.dll:OpenRL.dll (000001B2E5BF0000), size: 12779520 (result: 0), SymType: '-deferred-', PDB: '', fileVersion: 1.5.0.2907
C:\WINDOWS\SYSTEM32\MSVCP100.dll:MSVCP100.dll (000000006B7D0000), size: 622592 (result: 0), SymType: '-deferred-', PDB: '', fileVersion: 10.0.40219.325
C:\WINDOWS\SYSTEM32\MSVCR100.dll:MSVCR100.dll (000000006B6F0000), size: 860160 (result: 0), SymType: '-deferred-', PDB: '', fileVersion: 10.0.40219.325
C:\Program Files\Unity\Hub\Editor\2020.2.7f1\Editor\embree.dll:embree.dll (00007FFE75070000), size: 16711680 (result: 0), SymType: '-deferred-', PDB: '', fileVersion: 2.14.0.0
C:\WINDOWS\SYSTEM32\MSWSOCK.DLL:MSWSOCK.DLL (00007FFEDF880000), size: 434176 (result: 0), SymType: '-deferred-', PDB: '', fileVersion: 10.0.19041.546
C:\Program Files\Unity\Hub\Editor\2020.2.7f1\Editor\OpenRL_pthread.dll:OpenRL_pthread.dll (000001B2E4FF0000), size: 61440 (result: 0), SymType: '-deferred-', PDB: '', fileVersion: 2.9.0.0
C:\WINDOWS\SYSTEM32\MSASN1.dll:MSASN1.dll (00007FFEDFD80000), size: 73728 (result: 0), SymType: '-deferred-', PDB: '', fileVersion: 10.0.19041.546
C:\WINDOWS\SYSTEM32\kernel.appcore.dll:kernel.appcore.dll (00007FFEDE270000), size: 73728 (result: 0), SymType: '-deferred-', PDB: '', fileVersion: 10.0.19041.546
C:\WINDOWS\System32\bcryptPrimitives.dll:bcryptPrimitives.dll (00007FFEE0300000), size: 532480 (result: 0), SymType: '-deferred-', PDB: '', fileVersion: 10.0.19041.1415
C:\WINDOWS\system32\uxtheme.dll:uxtheme.dll (00007FFEDA4E0000), size: 647168 (result: 0), SymType: '-deferred-', PDB: '', fileVersion: 10.0.19041.1266
C:\PROGRA~2\JWord\Plugin2\JWDSRC~1.DLL:JWDSRC~1.DLL (00007FFEC9F80000), size: 765952 (result: 0), SymType: '-deferred-', PDB: '', fileVersion: 3.1.3.3
C:\WINDOWS\SYSTEM32\WININET.dll:WININET.dll (00007FFEC95B0000), size: 5079040 (result: 0), SymType: '-deferred-', PDB: '', fileVersion: 11.0.19041.1320
C:\WINDOWS\WinSxS\amd64_microsoft.windows.common-controls_6595b64144ccf1df_6.0.19041.1110_none_60b5254171f9507e\COMCTL32.dll:COMCTL32.dll (00007FFEC3C10000), size: 2727936 (result: 0), SymType: '-deferred-', PDB: '', fileVersion: 6.10.19041.1110
C:\WINDOWS\SYSTEM32\urlmon.dll:urlmon.dll (00007FFECCA70000), size: 2011136 (result: 0), SymType: '-deferred-', PDB: '', fileVersion: 11.0.19041.1320
C:\WINDOWS\SYSTEM32\srvcli.dll:srvcli.dll (00007FFECA8F0000), size: 163840 (result: 0), SymType: '-deferred-', PDB: '', fileVersion: 10.0.19041.546
C:\WINDOWS\SYSTEM32\iertutil.dll:iertutil.dll (00007FFECC7C0000), size: 2818048 (result: 0), SymType: '-deferred-', PDB: '', fileVersion: 11.0.19041.1266
C:\WINDOWS\System32\shcore.dll:shcore.dll (00007FFEE0D20000), size: 708608 (result: 0), SymType: '-deferred-', PDB: '', fileVersion: 10.0.19041.1387
C:\WINDOWS\SYSTEM32\netutils.dll:netutils.dll (00007FFEDF680000), size: 49152 (result: 0), SymType: '-deferred-', PDB: '', fileVersion: 10.0.19041.546
C:\WINDOWS\SYSTEM32\windows.storage.dll:windows.storage.dll (00007FFEDE290000), size: 7946240 (result: 0), SymType: '-deferred-', PDB: '', fileVersion: 10.0.19041.1387
C:\WINDOWS\SYSTEM32\Wldp.dll:Wldp.dll (00007FFEDFB20000), size: 188416 (result: 0), SymType: '-deferred-', PDB: '', fileVersion: 10.0.19041.1320
C:\WINDOWS\SYSTEM32\profapi.dll:profapi.dll (00007FFEE00E0000), size: 126976 (result: 0), SymType: '-deferred-', PDB: '', fileVersion: 10.0.19041.844
C:\WINDOWS\System32\clbcatq.dll:clbcatq.dll (00007FFEE24A0000), size: 692224 (result: 0), SymType: '-deferred-', PDB: '', fileVersion: 2001.12.10941.16384
C:\WINDOWS\System32\netprofm.dll:netprofm.dll (00007FFED6730000), size: 253952 (result: 0), SymType: '-deferred-', PDB: '', fileVersion: 10.0.19041.906
C:\WINDOWS\System32\npmproxy.dll:npmproxy.dll (00007FFECB5E0000), size: 65536 (result: 0), SymType: '-deferred-', PDB: '', fileVersion: 10.0.19041.906
C:\WINDOWS\System32\NSI.dll:NSI.dll (00007FFEE11E0000), size: 32768 (result: 0), SymType: '-deferred-', PDB: '', fileVersion: 10.0.19041.610
C:\WINDOWS\SYSTEM32\dhcpcsvc6.DLL:dhcpcsvc6.DLL (00007FFECD670000), size: 94208 (result: 0), SymType: '-deferred-', PDB: '', fileVersion: 10.0.19041.546
C:\WINDOWS\SYSTEM32\dhcpcsvc.DLL:dhcpcsvc.DLL (00007FFECD7C0000), size: 118784 (result: 0), SymType: '-deferred-', PDB: '', fileVersion: 10.0.19041.546
C:\WINDOWS\SYSTEM32\DNSAPI.dll:DNSAPI.dll (00007FFEDF5B0000), size: 831488 (result: 0), SymType: '-deferred-', PDB: '', fileVersion: 10.0.19041.1320
C:\WINDOWS\System32\fwpuclnt.dll:fwpuclnt.dll (00007FFECD0C0000), size: 520192 (result: 0), SymType: '-deferred-', PDB: '', fileVersion: 10.0.19041.1348
C:\Windows\System32\rasadhlp.dll:rasadhlp.dll (00007FFECD420000), size: 40960 (result: 0), SymType: '-deferred-', PDB: '', fileVersion: 10.0.19041.546
C:\WINDOWS\SYSTEM32\d3d11.dll:d3d11.dll (00007FFED8E40000), size: 2506752 (result: 0), SymType: '-deferred-', PDB: '', fileVersion: 10.0.19041.1202
C:\WINDOWS\SYSTEM32\dxgi.dll:dxgi.dll (00007FFEDEA90000), size: 999424 (result: 0), SymType: '-deferred-', PDB: '', fileVersion: 10.0.19041.1266
C:\WINDOWS\System32\DriverStore\FileRepository\64ih8682.inf_amd64_9e8d740de7ce5aee\igd10iumd64.dll:igd10iumd64.dll (00007FFED1E80000), size: 23580672 (result: 0), SymType: '-deferred-', PDB: '', fileVersion: 27.20.100.8682
C:\WINDOWS\SYSTEM32\ncrypt.dll:ncrypt.dll (00007FFEDFB90000), size: 159744 (result: 0), SymType: '-deferred-', PDB: '', fileVersion: 10.0.19041.662
C:\WINDOWS\SYSTEM32\NTASN1.dll:NTASN1.dll (00007FFEDFB50000), size: 241664 (result: 0), SymType: '-deferred-', PDB: '', fileVersion: 10.0.19041.546
C:\WINDOWS\System32\DriverStore\FileRepository\64ih8682.inf_amd64_9e8d740de7ce5aee\igdgmm64.dll:igdgmm64.dll (00007FFED1900000), size: 2355200 (result: 0), SymType: '-deferred-', PDB: '', fileVersion: 27.20.100.8682
C:\WINDOWS\System32\DriverStore\FileRepository\64ih8682.inf_amd64_9e8d740de7ce5aee\igc64.dll:igc64.dll (00007FFECEC30000), size: 46538752 (result: 0), SymType: '-deferred-', PDB: '', fileVersion: 27.20.100.8682
C:\WINDOWS\SYSTEM32\dxcore.dll:dxcore.dll (00007FFED3620000), size: 241664 (result: 0), SymType: '-deferred-', PDB: '', fileVersion: 10.0.19041.546
C:\WINDOWS\system32\wbem\wbemprox.dll:wbemprox.dll (00007FFECA970000), size: 69632 (result: 0), SymType: '-deferred-', PDB: '', fileVersion: 10.0.19041.1320
C:\WINDOWS\SYSTEM32\wbemcomn.dll:wbemcomn.dll (00007FFECA990000), size: 598016 (result: 0), SymType: '-deferred-', PDB: '', fileVersion: 10.0.19041.1081
C:\WINDOWS\system32\wbem\wbemsvc.dll:wbemsvc.dll (00007FFEC52E0000), size: 81920 (result: 0), SymType: '-deferred-', PDB: '', fileVersion: 10.0.19041.1320
C:\WINDOWS\system32\wbem\fastprox.dll:fastprox.dll (00007FFEC4C40000), size: 1093632 (result: 0), SymType: '-deferred-', PDB: '', fileVersion: 10.0.19041.546
C:\WINDOWS\SYSTEM32\amsi.dll:amsi.dll (00007FFEC0E40000), size: 102400 (result: 0), SymType: '-deferred-', PDB: '', fileVersion: 10.0.19041.746
C:\WINDOWS\SYSTEM32\USERENV.dll:USERENV.dll (00007FFEE0060000), size: 188416 (result: 0), SymType: '-deferred-', PDB: '', fileVersion: 10.0.19041.572
C:\ProgramData\Microsoft\Windows Defender\Platform\4.18.2111.5-0\MpOav.dll:MpOav.dll (00007FFEC0D30000), size: 499712 (result: 0), SymType: '-deferred-', PDB: '', fileVersion: 4.18.2111.5
C:\WINDOWS\SYSTEM32\opencl.dll:opencl.dll (00007FFEC3940000), size: 512000 (result: 0), SymType: '-deferred-', PDB: '', fileVersion: 2.2.8.0
C:\Program Files\Unity\Hub\Editor\2020.2.7f1\Editor\radeonrays.dll:radeonrays.dll (00007FFEC2070000), size: 552960 (result: 0), SymType: '-deferred-', PDB: ''
C:\Program Files\Unity\Hub\Editor\2020.2.7f1\Editor\Data\MonoBleedingEdge\EmbedRuntime\mono-2.0-bdwgc.dll:mono-2.0-bdwgc.dll (00007FFE7CDC0000), size: 7790592 (result: 0), SymType: '-deferred-', PDB: ''
C:\WINDOWS\System32\PSAPI.DLL:PSAPI.DLL (00007FFEE26B0000), size: 32768 (result: 0), SymType: '-deferred-', PDB: '', fileVersion: 10.0.19041.546
C:\ProgramData\Microsoft\VisualStudio\Setup\x64\Microsoft.VisualStudio.Setup.Configuration.Native.dll:Microsoft.VisualStudio.Setup.Configuration.Native.dll (00007FFEC38F0000), size: 327680 (result: 0), SymType: '-deferred-', PDB: '', fileVersion: 2.11.47.9733
C:\WINDOWS\SYSTEM32\PROPSYS.dll:PROPSYS.dll (00007FFEDE130000), size: 1007616 (result: 0), SymType: '-deferred-', PDB: '', fileVersion: 7.0.19041.1023
C:\WINDOWS\SYSTEM32\WindowsCodecs.dll:WindowsCodecs.dll (00007FFED6A40000), size: 1785856 (result: 0), SymType: '-deferred-', PDB: '', fileVersion: 10.0.19041.1151
C:\Windows\System32\thumbcache.dll:thumbcache.dll (00007FFEB8460000), size: 417792 (result: 0), SymType: '-deferred-', PDB: '', fileVersion: 10.0.19041.1151
C:\WINDOWS\SYSTEM32\dbghelp.dll:dbghelp.dll (00007FFEDDEF0000), size: 1982464 (result: 0), SymType: '-deferred-', PDB: '', fileVersion: 10.0.19041.867

========== OUTPUTTING STACK TRACE ==================


========== END OF STACKTRACE ===========

A crash has been intercepted by the crash handler. For call stack and other details, see the latest crash report generated in:
 * C:/Users/mgczc/AppData/Local/Temp/Unity/Editor/Crashes
========================================================================
Received Import Request.
  Time since last request: 77.307751 seconds.
  path: Assets/Resources/Resultplayer1.prefab
  artifactKey: Guid(dc136706bda97664cbc9a4b9ab0f3e46) Importer(815301076,1909f56bfc062723c751e8b465ee728b)
Start importing Assets/Resources/Resultplayer1.prefab using Guid(dc136706bda97664cbc9a4b9ab0f3e46) Importer(815301076,1909f56bfc062723c751e8b465ee728b)  -> (artifact id: '1076c9ae14f7de346e736d29940c9f58') in 11.030913 seconds
  Import took 11.059637 seconds .

========================================================================
Received Prepare
