Using pre-set license
Built from '2020.2/staging' branch; Version is '2020.2.7f1 (c53830e277f1) revision 12924976'; Using compiler version '192528614'; Build Type 'Release'
OS: 'Windows 10 Pro; OS build 19043.1415; Version 2009; 64bit' Language: 'ja' Physical Memory: 8109 MB
BatchMode: 1, IsHumanControllingUs: 0, StartBugReporterOnCrash: 0, Is64bit: 1, IsPro: 0

 COMMAND LINE ARGUMENTS:
C:\Program Files\Unity\Hub\Editor\2020.2.7f1\Editor\Unity.exe
-adb2
-batchMode
-noUpm
-name
AssetImportWorker1
-projectPath
C:/Users/mgczc/Desktop/Kakutou1Week
-logFile
Logs/AssetImportWorker1.log
-srvPort
51044
Successfully changed project path to: C:/Users/mgczc/Desktop/Kakutou1Week
C:/Users/mgczc/Desktop/Kakutou1Week
Using Asset Import Pipeline V2.
Refreshing native plugins compatible for Editor in 93.52 ms, found 0 plugins.
Preloading 0 native plugins for Editor in 0.00 ms.
Initialize engine version: 2020.2.7f1 (c53830e277f1)
[Subsystems] Discovering subsystems at path C:/Program Files/Unity/Hub/Editor/2020.2.7f1/Editor/Data/Resources/UnitySubsystems
[Subsystems] Discovering subsystems at path C:/Users/mgczc/Desktop/Kakutou1Week/Assets
GfxDevice: creating device client; threaded=0
Direct3D:
    Version:  Direct3D 11.0 [level 11.1]
    Renderer: Intel(R) HD Graphics 620 (ID=0x5916)
    Vendor:   
    VRAM:     4054 MB
    Driver:   27.20.100.8682
Initialize mono
Mono path[0] = 'C:/Program Files/Unity/Hub/Editor/2020.2.7f1/Editor/Data/Managed'
Mono path[1] = 'C:/Program Files/Unity/Hub/Editor/2020.2.7f1/Editor/Data/MonoBleedingEdge/lib/mono/unityjit'
Mono config path = 'C:/Program Files/Unity/Hub/Editor/2020.2.7f1/Editor/Data/MonoBleedingEdge/etc'
Using monoOptions --debugger-agent=transport=dt_socket,embedding=1,server=y,suspend=n,address=127.0.0.1:56020
Begin MonoManager ReloadAssembly
Registering precompiled unity dll's ...
Register platform support module: C:/Program Files/Unity/Hub/Editor/2020.2.7f1/Editor/Data/PlaybackEngines/WindowsStandaloneSupport/UnityEditor.WindowsStandalone.Extensions.dll
Registered in 0.004030 seconds.
Native extension for WindowsStandalone target not found
Refreshing native plugins compatible for Editor in 111.21 ms, found 0 plugins.
Preloading 0 native plugins for Editor in 0.00 ms.
Invoked RoslynAnalysisRunner static constructor.
RoslynAnalysisRunner will not be running.
RoslynAnalysisRunner has terminated.
Mono: successfully reloaded assembly
- Completed reload, in 10.863 seconds
Platform modules already initialized, skipping
Registering precompiled user dll's ...
Registered in 0.002433 seconds.
Begin MonoManager ReloadAssembly
Native extension for WindowsStandalone target not found
Refreshing native plugins compatible for Editor in 2.00 ms, found 0 plugins.
Preloading 0 native plugins for Editor in 0.00 ms.
Invoked RoslynAnalysisRunner static constructor.
RoslynAnalysisRunner will not be running.
RoslynAnalysisRunner has terminated.
Mono: successfully reloaded assembly
- Completed reload, in  4.375 seconds
Platform modules already initialized, skipping
========================================================================
Worker process is ready to serve import requests
Launched and connected shader compiler UnityShaderCompiler.exe after 0.27 seconds
Refreshing native plugins compatible for Editor in 0.67 ms, found 0 plugins.
Preloading 0 native plugins for Editor in 0.00 ms.
Unloading 1140 Unused Serialized files (Serialized files now loaded: 0)
System memory in use before: 61.9 MB.
System memory in use after: 61.9 MB.

Unloading 9 unused Assets to reduce memory usage. Loaded Objects now: 1586.
Total: 3.379400 ms (FindLiveObjects: 0.272100 ms CreateObjectMapping: 0.106400 ms MarkObjects: 2.871100 ms  DeleteObjects: 0.127200 ms)

========================================================================
Received Import Request.
  path: Assets/ProgressBar/Script/ProgressBar.cs
  artifactKey: Guid(149d864443ddca94ba93b092e7acd5ea) Importer(815301076,1909f56bfc062723c751e8b465ee728b)
Start importing Assets/ProgressBar/Script/ProgressBar.cs using Guid(149d864443ddca94ba93b092e7acd5ea) Importer(815301076,1909f56bfc062723c751e8b465ee728b)  -> (artifact id: '7d49151479b3ab72f5e4fcb4dcbefc44') in 0.357145 seconds
  Import took 0.366653 seconds .

========================================================================
Received Import Request.
  Time since last request: 137.749531 seconds.
  path: Assets/ProgressBar/UI ProgressBar.prefab
  artifactKey: Guid(5eefba205a58c8c4a937c97b87c185a3) Importer(815301076,1909f56bfc062723c751e8b465ee728b)
Start importing Assets/ProgressBar/UI ProgressBar.prefab using Guid(5eefba205a58c8c4a937c97b87c185a3) Importer(815301076,1909f56bfc062723c751e8b465ee728b)  -> (artifact id: '88d9987f7b51603c3f0ad43ed7ce98d9') in 0.082839 seconds
  Import took 0.088082 seconds .

========================================================================
Received Import Request.
  Time since last request: 0.070919 seconds.
  path: Assets/ProgressBar/UI ProgressBar.prefab
  artifactKey: Guid(5eefba205a58c8c4a937c97b87c185a3) Importer(815301076,1909f56bfc062723c751e8b465ee728b)
Start importing Assets/ProgressBar/UI ProgressBar.prefab using Guid(5eefba205a58c8c4a937c97b87c185a3) Importer(815301076,1909f56bfc062723c751e8b465ee728b)  -> (artifact id: '88d9987f7b51603c3f0ad43ed7ce98d9') in 0.028396 seconds
  Import took 0.035023 seconds .

========================================================================
Received Import Request.
  Time since last request: 32.120410 seconds.
  path: Assets/ProgressBar/UI ProgressBarCircle.prefab
  artifactKey: Guid(24d5ab3d18c91fc41a2213a537e21ee7) Importer(815301076,1909f56bfc062723c751e8b465ee728b)
Start importing Assets/ProgressBar/UI ProgressBarCircle.prefab using Guid(24d5ab3d18c91fc41a2213a537e21ee7) Importer(815301076,1909f56bfc062723c751e8b465ee728b)  -> (artifact id: 'cf95286ec657cd484e1e19faa4c88f19') in 1.653020 seconds
  Import took 1.660159 seconds .

========================================================================
Received Import Request.
  Time since last request: 15.201859 seconds.
  path: Assets/ProgressBar/Sprites/bar.png
  artifactKey: Guid(3649a660a7b03e54fb1cbd359a101afe) Importer(815301076,1909f56bfc062723c751e8b465ee728b)
Start importing Assets/ProgressBar/Sprites/bar.png using Guid(3649a660a7b03e54fb1cbd359a101afe) Importer(815301076,1909f56bfc062723c751e8b465ee728b)  -> (artifact id: '6af4062bc5c9bd528594ce1ca31078c9') in 0.869395 seconds
  Import took 0.874140 seconds .

========================================================================
Received Import Request.
  Time since last request: 27.994840 seconds.
  path: Assets/ProgressBar/Sprites/Progressbar Blue gradient.png
  artifactKey: Guid(7cda1f7db3aff084f9f09462a0f7f99f) Importer(815301076,1909f56bfc062723c751e8b465ee728b)
Start importing Assets/ProgressBar/Sprites/Progressbar Blue gradient.png using Guid(7cda1f7db3aff084f9f09462a0f7f99f) Importer(815301076,1909f56bfc062723c751e8b465ee728b)  -> (artifact id: 'd1a4743f53850d694d60d2c37156fc8f') in 0.059377 seconds
  Import took 0.063560 seconds .

========================================================================
Received Prepare
Registering precompiled user dll's ...
Registered in 0.004380 seconds.
Begin MonoManager ReloadAssembly
Native extension for WindowsStandalone target not found
Refreshing native plugins compatible for Editor in 0.32 ms, found 0 plugins.
Preloading 0 native plugins for Editor in 0.00 ms.
Invoked RoslynAnalysisRunner static constructor.
RoslynAnalysisRunner will not be running.
RoslynAnalysisRunner has terminated.
Mono: successfully reloaded assembly
- Completed reload, in  1.735 seconds
Platform modules already initialized, skipping
Refreshing native plugins compatible for Editor in 0.34 ms, found 0 plugins.
Preloading 0 native plugins for Editor in 0.00 ms.
Unloading 1105 Unused Serialized files (Serialized files now loaded: 0)
System memory in use before: 62.6 MB.
System memory in use after: 62.7 MB.

Unloading 4 unused Assets to reduce memory usage. Loaded Objects now: 1597.
Total: 2.691600 ms (FindLiveObjects: 0.204400 ms CreateObjectMapping: 0.054900 ms MarkObjects: 2.408900 ms  DeleteObjects: 0.021500 ms)

========================================================================
Received Prepare
Registering precompiled user dll's ...
Registered in 0.003116 seconds.
Begin MonoManager ReloadAssembly
Native extension for WindowsStandalone target not found
Refreshing native plugins compatible for Editor in 0.83 ms, found 0 plugins.
Preloading 0 native plugins for Editor in 0.00 ms.
Invoked RoslynAnalysisRunner static constructor.
RoslynAnalysisRunner will not be running.
RoslynAnalysisRunner has terminated.
Mono: successfully reloaded assembly
- Completed reload, in  2.488 seconds
Platform modules already initialized, skipping
Refreshing native plugins compatible for Editor in 0.40 ms, found 0 plugins.
Preloading 0 native plugins for Editor in 0.00 ms.
Unloading 1105 Unused Serialized files (Serialized files now loaded: 0)
System memory in use before: 62.7 MB.
System memory in use after: 62.8 MB.

Unloading 4 unused Assets to reduce memory usage. Loaded Objects now: 1600.
Total: 2.477800 ms (FindLiveObjects: 0.190100 ms CreateObjectMapping: 0.050700 ms MarkObjects: 2.216400 ms  DeleteObjects: 0.019000 ms)

========================================================================
Received Prepare
Registering precompiled user dll's ...
Registered in 0.004497 seconds.
Begin MonoManager ReloadAssembly
Native extension for WindowsStandalone target not found
Refreshing native plugins compatible for Editor in 1.25 ms, found 0 plugins.
Preloading 0 native plugins for Editor in 0.00 ms.
Invoked RoslynAnalysisRunner static constructor.
RoslynAnalysisRunner will not be running.
RoslynAnalysisRunner has terminated.
Mono: successfully reloaded assembly
- Completed reload, in  4.384 seconds
Platform modules already initialized, skipping
Refreshing native plugins compatible for Editor in 0.71 ms, found 0 plugins.
Preloading 0 native plugins for Editor in 0.00 ms.
Unloading 1105 Unused Serialized files (Serialized files now loaded: 0)
System memory in use before: 62.7 MB.
System memory in use after: 62.8 MB.

Unloading 4 unused Assets to reduce memory usage. Loaded Objects now: 1603.
Total: 2.476200 ms (FindLiveObjects: 0.170400 ms CreateObjectMapping: 0.052600 ms MarkObjects: 2.231700 ms  DeleteObjects: 0.019900 ms)

========================================================================
Received Prepare
Registering precompiled user dll's ...
Registered in 0.003363 seconds.
Begin MonoManager ReloadAssembly
Native extension for WindowsStandalone target not found
Refreshing native plugins compatible for Editor in 0.46 ms, found 0 plugins.
Preloading 0 native plugins for Editor in 0.00 ms.
Invoked RoslynAnalysisRunner static constructor.
RoslynAnalysisRunner will not be running.
RoslynAnalysisRunner has terminated.
Mono: successfully reloaded assembly
- Completed reload, in  5.694 seconds
Platform modules already initialized, skipping
Refreshing native plugins compatible for Editor in 1.60 ms, found 0 plugins.
Preloading 0 native plugins for Editor in 0.00 ms.
Unloading 1105 Unused Serialized files (Serialized files now loaded: 0)
System memory in use before: 62.7 MB.
System memory in use after: 62.8 MB.

Unloading 4 unused Assets to reduce memory usage. Loaded Objects now: 1606.
Total: 9.017200 ms (FindLiveObjects: 0.584000 ms CreateObjectMapping: 0.115800 ms MarkObjects: 8.261100 ms  DeleteObjects: 0.029000 ms)

========================================================================
Received Import Request.
  Time since last request: 719.485291 seconds.
  path: Assets/Scenes/Title.unity
  artifactKey: Guid(9fc0d4010bbf28b4594072e72b8655ab) Importer(815301076,1909f56bfc062723c751e8b465ee728b)
Start importing Assets/Scenes/Title.unity using Guid(9fc0d4010bbf28b4594072e72b8655ab) Importer(815301076,1909f56bfc062723c751e8b465ee728b)  -> (artifact id: '21a5c2a8d8734a5099ee42631e32c80d') in 0.026333 seconds
  Import took 0.030775 seconds .

========================================================================
Received Import Request.
  Time since last request: 73.601403 seconds.
  path: Assets/Images/TutorialImage1.png
  artifactKey: Guid(e3c3e682189f3814fbebcdd76b220f8d) Importer(815301076,1909f56bfc062723c751e8b465ee728b)
Start importing Assets/Images/TutorialImage1.png using Guid(e3c3e682189f3814fbebcdd76b220f8d) Importer(815301076,1909f56bfc062723c751e8b465ee728b)  -> (artifact id: 'bd04b0ff4cce3549dd31b2b26f3bd5d3') in 0.121124 seconds
  Import took 0.124313 seconds .

========================================================================
Received Import Request.
  Time since last request: 4.365324 seconds.
  path: Assets/Images/tutorial1.png
  artifactKey: Guid(eb226289b6711c14f91a4cf0fde9c20b) Importer(815301076,1909f56bfc062723c751e8b465ee728b)
Start importing Assets/Images/tutorial1.png using Guid(eb226289b6711c14f91a4cf0fde9c20b) Importer(815301076,1909f56bfc062723c751e8b465ee728b)  -> (artifact id: 'fcb209774ef94a799bce6fd3c3576ddc') in 0.053420 seconds
  Import took 0.064841 seconds .

========================================================================
Received Import Request.
  Time since last request: 0.006557 seconds.
  path: Assets/Images/tutorial1.png
  artifactKey: Guid(eb226289b6711c14f91a4cf0fde9c20b) Importer(815301076,1909f56bfc062723c751e8b465ee728b)
Start importing Assets/Images/tutorial1.png using Guid(eb226289b6711c14f91a4cf0fde9c20b) Importer(815301076,1909f56bfc062723c751e8b465ee728b)  -> (artifact id: 'fcb209774ef94a799bce6fd3c3576ddc') in 0.054414 seconds
  Import took 0.062038 seconds .

========================================================================
Received Import Request.
  Time since last request: 2.597822 seconds.
  path: Assets/Images/tutorial2.png
  artifactKey: Guid(7504f73d45fa9934da08ee5169cb3f36) Importer(815301076,1909f56bfc062723c751e8b465ee728b)
Start importing Assets/Images/tutorial2.png using Guid(7504f73d45fa9934da08ee5169cb3f36) Importer(815301076,1909f56bfc062723c751e8b465ee728b)  -> (artifact id: 'd533ea7c05f218c1c6705530ed67cf7b') in 0.135535 seconds
  Import took 0.141491 seconds .

========================================================================
Received Prepare
Registering precompiled user dll's ...
Registered in 0.001918 seconds.
Begin MonoManager ReloadAssembly
Native extension for WindowsStandalone target not found
Refreshing native plugins compatible for Editor in 0.32 ms, found 0 plugins.
Preloading 0 native plugins for Editor in 0.00 ms.
Invoked RoslynAnalysisRunner static constructor.
RoslynAnalysisRunner will not be running.
RoslynAnalysisRunner has terminated.
Mono: successfully reloaded assembly
- Completed reload, in  2.035 seconds
Platform modules already initialized, skipping
Refreshing native plugins compatible for Editor in 0.35 ms, found 0 plugins.
Preloading 0 native plugins for Editor in 0.00 ms.
Unloading 1105 Unused Serialized files (Serialized files now loaded: 0)
System memory in use before: 62.7 MB.
System memory in use after: 62.8 MB.

Unloading 4 unused Assets to reduce memory usage. Loaded Objects now: 1613.
Total: 2.784800 ms (FindLiveObjects: 0.170500 ms CreateObjectMapping: 0.063600 ms MarkObjects: 2.528300 ms  DeleteObjects: 0.020800 ms)

========================================================================
Received Import Request.
  Time since last request: 573.586118 seconds.
  path: Assets/Scenes/Game.unity
  artifactKey: Guid(a8aa7160b4d08644fbfb4cd8a6ce3632) Importer(815301076,1909f56bfc062723c751e8b465ee728b)
Start importing Assets/Scenes/Game.unity using Guid(a8aa7160b4d08644fbfb4cd8a6ce3632) Importer(815301076,1909f56bfc062723c751e8b465ee728b)  -> (artifact id: '7883bcd82a74df11b7c638584dafb16f') in 0.032733 seconds
  Import took 0.036575 seconds .

========================================================================
Received Import Request.
  Time since last request: 23.382460 seconds.
  path: Assets/Fighter Pack Bundle FREE/Berserker Fighter Mecanim Animation Pack FREE
  artifactKey: Guid(857bc758db5ad294ea5d623bd2031d0e) Importer(815301076,1909f56bfc062723c751e8b465ee728b)
Start importing Assets/Fighter Pack Bundle FREE/Berserker Fighter Mecanim Animation Pack FREE using Guid(857bc758db5ad294ea5d623bd2031d0e) Importer(815301076,1909f56bfc062723c751e8b465ee728b)  -> (artifact id: '2ecce1173994992b1ff9bc560eb392a3') in 0.054174 seconds
  Import took 0.062696 seconds .

========================================================================
Received Import Request.
  Time since last request: 19.626040 seconds.
  path: Assets/FightingMotionsVolume1/FBX/getup_A.fbx
  artifactKey: Guid(17004ac38f600ff4f90db12b9b2d5433) Importer(815301076,1909f56bfc062723c751e8b465ee728b)
Start importing Assets/FightingMotionsVolume1/FBX/getup_A.fbx using Guid(17004ac38f600ff4f90db12b9b2d5433) Importer(815301076,1909f56bfc062723c751e8b465ee728b)  -> (artifact id: 'ec0c180e75bfea4246f129bfa8bc9b16') in 0.236850 seconds
  Import took 0.239784 seconds .

========================================================================
Received Import Request.
  Time since last request: 8.232583 seconds.
  path: Assets/FightingMotionsVolume1/FBX/hd_front_B.fbx
  artifactKey: Guid(3875ee494c5527c40a1c44833d2202d3) Importer(815301076,1909f56bfc062723c751e8b465ee728b)
Start importing Assets/FightingMotionsVolume1/FBX/hd_front_B.fbx using Guid(3875ee494c5527c40a1c44833d2202d3) Importer(815301076,1909f56bfc062723c751e8b465ee728b)  -> (artifact id: '26761b5a5350110b44e728a5ffa55938') in 0.142575 seconds
  Import took 0.147393 seconds .

========================================================================
Received Import Request.
  Time since last request: 0.000794 seconds.
  path: Assets/FightingMotionsVolume1/FBX/hd_front_B.fbx
  artifactKey: Guid(3875ee494c5527c40a1c44833d2202d3) Importer(815301076,1909f56bfc062723c751e8b465ee728b)
Start importing Assets/FightingMotionsVolume1/FBX/hd_front_B.fbx using Guid(3875ee494c5527c40a1c44833d2202d3) Importer(815301076,1909f56bfc062723c751e8b465ee728b)  -> (artifact id: '26761b5a5350110b44e728a5ffa55938') in 0.061902 seconds
  Import took 0.065640 seconds .

========================================================================
Received Import Request.
  Time since last request: 0.094419 seconds.
  path: Assets/FightingMotionsVolume1/FBX/hp_hook_left_Tiramis.fbx
  artifactKey: Guid(e96932110ac686d4ca3d30528d498dde) Importer(815301076,1909f56bfc062723c751e8b465ee728b)
Start importing Assets/FightingMotionsVolume1/FBX/hp_hook_left_Tiramis.fbx using Guid(e96932110ac686d4ca3d30528d498dde) Importer(815301076,1909f56bfc062723c751e8b465ee728b)  -> (artifact id: 'e1d9b6864087c08fc35fe7a9529b6e6d') in 0.070286 seconds
  Import took 0.660168 seconds .

========================================================================
Received Import Request.
  Time since last request: 30.544202 seconds.
  path: Assets/ProgressBar
  artifactKey: Guid(12c269d313282ce409200c58657173bc) Importer(815301076,1909f56bfc062723c751e8b465ee728b)
Start importing Assets/ProgressBar using Guid(12c269d313282ce409200c58657173bc) Importer(815301076,1909f56bfc062723c751e8b465ee728b)  -> (artifact id: 'd465c640a26d71a49c1e3c020d883a76') in 0.082967 seconds
  Import took 0.100520 seconds .

========================================================================
Received Prepare
Registering precompiled user dll's ...
Registered in 0.001028 seconds.
Begin MonoManager ReloadAssembly
Native extension for WindowsStandalone target not found
Refreshing native plugins compatible for Editor in 0.31 ms, found 0 plugins.
Preloading 0 native plugins for Editor in 0.00 ms.
Invoked RoslynAnalysisRunner static constructor.
RoslynAnalysisRunner will not be running.
RoslynAnalysisRunner has terminated.
Mono: successfully reloaded assembly
- Completed reload, in  1.132 seconds
Platform modules already initialized, skipping
Refreshing native plugins compatible for Editor in 0.37 ms, found 0 plugins.
Preloading 0 native plugins for Editor in 0.00 ms.
Unloading 1102 Unused Serialized files (Serialized files now loaded: 0)
System memory in use before: 77.0 MB.
System memory in use after: 77.1 MB.

Unloading 7 unused Assets to reduce memory usage. Loaded Objects now: 1622.
Total: 5.371800 ms (FindLiveObjects: 0.488900 ms CreateObjectMapping: 0.147900 ms MarkObjects: 4.703900 ms  DeleteObjects: 0.029500 ms)

========================================================================
Received Import Request.
  Time since last request: 139.165306 seconds.
  path: Assets/Animations
  artifactKey: Guid(c2ccb5faf25d14a2fb3efe14adbe9673) Importer(815301076,1909f56bfc062723c751e8b465ee728b)
Start importing Assets/Animations using Guid(c2ccb5faf25d14a2fb3efe14adbe9673) Importer(815301076,1909f56bfc062723c751e8b465ee728b)  -> (artifact id: '70b45de1832770815301d04b7e10a8b5') in 0.025751 seconds
  Import took 0.030796 seconds .

========================================================================
Received Import Request.
  Time since last request: 0.006156 seconds.
  path: Assets/Animations
  artifactKey: Guid(c2ccb5faf25d14a2fb3efe14adbe9673) Importer(815301076,1909f56bfc062723c751e8b465ee728b)
Start importing Assets/Animations using Guid(c2ccb5faf25d14a2fb3efe14adbe9673) Importer(815301076,1909f56bfc062723c751e8b465ee728b)  -> (artifact id: '70b45de1832770815301d04b7e10a8b5') in 0.005520 seconds
  Import took 0.008738 seconds .

========================================================================
Received Import Request.
  Time since last request: 28.956688 seconds.
  path: Assets/Kevin Iglesias/Basic Motions/Animations/Movement/BasicMotions@Sprint01 [RM].fbx
  artifactKey: Guid(7eebd174ff53112419b27f9d903573d7) Importer(815301076,1909f56bfc062723c751e8b465ee728b)
Start importing Assets/Kevin Iglesias/Basic Motions/Animations/Movement/BasicMotions@Sprint01 [RM].fbx using Guid(7eebd174ff53112419b27f9d903573d7) Importer(815301076,1909f56bfc062723c751e8b465ee728b)  -> (artifact id: '49af7577c5e67db081e0021ee426aa15') in 0.083421 seconds
  Import took 0.089109 seconds .

========================================================================
Received Import Request.
  Time since last request: 0.004268 seconds.
  path: Assets/Kevin Iglesias/Basic Motions/Animations/Movement/BasicMotions@Sprint01 [RM].fbx
  artifactKey: Guid(7eebd174ff53112419b27f9d903573d7) Importer(815301076,1909f56bfc062723c751e8b465ee728b)
Start importing Assets/Kevin Iglesias/Basic Motions/Animations/Movement/BasicMotions@Sprint01 [RM].fbx using Guid(7eebd174ff53112419b27f9d903573d7) Importer(815301076,1909f56bfc062723c751e8b465ee728b)  -> (artifact id: '49af7577c5e67db081e0021ee426aa15') in 0.015313 seconds
  Import took 0.019718 seconds .

========================================================================
Received Import Request.
  Time since last request: 10.963325 seconds.
  path: Assets/Kevin Iglesias/Basic Motions/Animations/Movement/BasicMotions@Jump01.fbx
  artifactKey: Guid(067cc188e25b78b4a940a9fa67cd6ee7) Importer(815301076,1909f56bfc062723c751e8b465ee728b)
Start importing Assets/Kevin Iglesias/Basic Motions/Animations/Movement/BasicMotions@Jump01.fbx using Guid(067cc188e25b78b4a940a9fa67cd6ee7) Importer(815301076,1909f56bfc062723c751e8b465ee728b)  -> (artifact id: 'a1bfd7459e4d07362947c3185164b83a') in 0.046187 seconds
  Import took 0.053022 seconds .

========================================================================
Received Prepare
Registering precompiled user dll's ...
Registered in 0.001196 seconds.
Begin MonoManager ReloadAssembly
Native extension for WindowsStandalone target not found
Refreshing native plugins compatible for Editor in 0.32 ms, found 0 plugins.
Preloading 0 native plugins for Editor in 0.00 ms.
Invoked RoslynAnalysisRunner static constructor.
RoslynAnalysisRunner will not be running.
RoslynAnalysisRunner has terminated.
Mono: successfully reloaded assembly
- Completed reload, in  2.077 seconds
Platform modules already initialized, skipping
Refreshing native plugins compatible for Editor in 0.37 ms, found 0 plugins.
Preloading 0 native plugins for Editor in 0.00 ms.
Unloading 1102 Unused Serialized files (Serialized files now loaded: 0)
System memory in use before: 77.0 MB.
System memory in use after: 77.1 MB.

Unloading 4 unused Assets to reduce memory usage. Loaded Objects now: 1625.
Total: 5.111900 ms (FindLiveObjects: 0.389600 ms CreateObjectMapping: 0.177900 ms MarkObjects: 4.512000 ms  DeleteObjects: 0.029500 ms)

========================================================================
Received Import Request.
  Time since last request: 291.218007 seconds.
  path: Assets/ExplosiveLLC/RPG Character Mecanim Animation Pack FREE/Animations/2Hand-Sword/RPG-Character@2Hand-Sword-Jump.FBX
  artifactKey: Guid(afd3b10eb71eaf54bb564f6cc703f2cc) Importer(815301076,1909f56bfc062723c751e8b465ee728b)
Start importing Assets/ExplosiveLLC/RPG Character Mecanim Animation Pack FREE/Animations/2Hand-Sword/RPG-Character@2Hand-Sword-Jump.FBX using Guid(afd3b10eb71eaf54bb564f6cc703f2cc) Importer(815301076,1909f56bfc062723c751e8b465ee728b)  -> (artifact id: '4da53e5243a5d859404938563c4b504d') in 0.049522 seconds
  Import took 0.053080 seconds .

========================================================================
Received Import Request.
  Time since last request: 0.000503 seconds.
  path: Assets/ExplosiveLLC/RPG Character Mecanim Animation Pack FREE/Animations/2Hand-Sword/RPG-Character@2Hand-Sword-Jump.FBX
  artifactKey: Guid(afd3b10eb71eaf54bb564f6cc703f2cc) Importer(815301076,1909f56bfc062723c751e8b465ee728b)
Start importing Assets/ExplosiveLLC/RPG Character Mecanim Animation Pack FREE/Animations/2Hand-Sword/RPG-Character@2Hand-Sword-Jump.FBX using Guid(afd3b10eb71eaf54bb564f6cc703f2cc) Importer(815301076,1909f56bfc062723c751e8b465ee728b)  -> (artifact id: '4da53e5243a5d859404938563c4b504d') in 0.021465 seconds
  Import took 0.025005 seconds .

========================================================================
Received Import Request.
  Time since last request: 5.638834 seconds.
  path: Assets/ExplosiveLLC/RPG Character Mecanim Animation Pack FREE/Animations/2Hand-Sword/RPG-Character@2Hand-Sword-Strafe-Backward.FBX
  artifactKey: Guid(49c8b0222c69c4441a9b6a085641e4eb) Importer(815301076,1909f56bfc062723c751e8b465ee728b)
Start importing Assets/ExplosiveLLC/RPG Character Mecanim Animation Pack FREE/Animations/2Hand-Sword/RPG-Character@2Hand-Sword-Strafe-Backward.FBX using Guid(49c8b0222c69c4441a9b6a085641e4eb) Importer(815301076,1909f56bfc062723c751e8b465ee728b)  -> (artifact id: '0db806619410a7d96ef0daa7c1c7eb73') in 0.029991 seconds
  Import took 0.034137 seconds .

========================================================================
Received Import Request.
  Time since last request: 0.004316 seconds.
  path: Assets/ExplosiveLLC/RPG Character Mecanim Animation Pack FREE/Animations/2Hand-Sword/RPG-Character@2Hand-Sword-Strafe-Backward.FBX
  artifactKey: Guid(49c8b0222c69c4441a9b6a085641e4eb) Importer(815301076,1909f56bfc062723c751e8b465ee728b)
Start importing Assets/ExplosiveLLC/RPG Character Mecanim Animation Pack FREE/Animations/2Hand-Sword/RPG-Character@2Hand-Sword-Strafe-Backward.FBX using Guid(49c8b0222c69c4441a9b6a085641e4eb) Importer(815301076,1909f56bfc062723c751e8b465ee728b)  -> (artifact id: '0db806619410a7d96ef0daa7c1c7eb73') in 0.018677 seconds
  Import took 0.022199 seconds .

========================================================================
Received Import Request.
  Time since last request: 1.367281 seconds.
  path: Assets/ExplosiveLLC/RPG Character Mecanim Animation Pack FREE/Animations/2Hand-Sword/RPG-Character@2Hand-Sword-Knockback-Back1.FBX
  artifactKey: Guid(03a1982862fcaba4db62d74a5596d8fe) Importer(815301076,1909f56bfc062723c751e8b465ee728b)
Start importing Assets/ExplosiveLLC/RPG Character Mecanim Animation Pack FREE/Animations/2Hand-Sword/RPG-Character@2Hand-Sword-Knockback-Back1.FBX using Guid(03a1982862fcaba4db62d74a5596d8fe) Importer(815301076,1909f56bfc062723c751e8b465ee728b)  -> (artifact id: 'f7f6810166dc5559cad9b0c3ac34e3bf') in 0.083516 seconds
  Import took 0.097539 seconds .

========================================================================
Received Import Request.
  Time since last request: 10.865343 seconds.
  path: Assets/ExplosiveLLC/RPG Character Mecanim Animation Pack FREE/Animations/Unarmed/RPG-Character@Unarmed-Jump.FBX
  artifactKey: Guid(39c1e8b66fab3ba418b191caaf714f42) Importer(815301076,1909f56bfc062723c751e8b465ee728b)
Start importing Assets/ExplosiveLLC/RPG Character Mecanim Animation Pack FREE/Animations/Unarmed/RPG-Character@Unarmed-Jump.FBX using Guid(39c1e8b66fab3ba418b191caaf714f42) Importer(815301076,1909f56bfc062723c751e8b465ee728b)  -> (artifact id: 'f8041fdac68fe14f7e14d149f4f1fdef') in 0.028417 seconds
  Import took 0.031948 seconds .

========================================================================
Received Import Request.
  Time since last request: 0.018595 seconds.
  path: Assets/ExplosiveLLC/RPG Character Mecanim Animation Pack FREE/Animations/Unarmed/RPG-Character@Unarmed-Jump.FBX
  artifactKey: Guid(39c1e8b66fab3ba418b191caaf714f42) Importer(815301076,1909f56bfc062723c751e8b465ee728b)
Start importing Assets/ExplosiveLLC/RPG Character Mecanim Animation Pack FREE/Animations/Unarmed/RPG-Character@Unarmed-Jump.FBX using Guid(39c1e8b66fab3ba418b191caaf714f42) Importer(815301076,1909f56bfc062723c751e8b465ee728b)  -> (artifact id: 'f8041fdac68fe14f7e14d149f4f1fdef') in 0.022235 seconds
  Import took 0.027228 seconds .

========================================================================
Received Import Request.
  Time since last request: 47.768632 seconds.
  path: Assets/ExplosiveLLC
  artifactKey: Guid(b0c9fd550af464f4ba55924c1c9c08f4) Importer(815301076,1909f56bfc062723c751e8b465ee728b)
Start importing Assets/ExplosiveLLC using Guid(b0c9fd550af464f4ba55924c1c9c08f4) Importer(815301076,1909f56bfc062723c751e8b465ee728b)  -> (artifact id: '43ff2afd15c56e302cb5bbad22616a33') in 0.022738 seconds
  Import took 0.028353 seconds .

========================================================================
Received Prepare
Registering precompiled user dll's ...
Registered in 0.002534 seconds.
Begin MonoManager ReloadAssembly
Native extension for WindowsStandalone target not found
Refreshing native plugins compatible for Editor in 0.43 ms, found 0 plugins.
Preloading 0 native plugins for Editor in 0.00 ms.
Invoked RoslynAnalysisRunner static constructor.
RoslynAnalysisRunner will not be running.
RoslynAnalysisRunner has terminated.
Mono: successfully reloaded assembly
- Completed reload, in  1.872 seconds
Platform modules already initialized, skipping
Refreshing native plugins compatible for Editor in 0.69 ms, found 0 plugins.
Preloading 0 native plugins for Editor in 0.00 ms.
Unloading 1102 Unused Serialized files (Serialized files now loaded: 0)
System memory in use before: 77.0 MB.
System memory in use after: 77.1 MB.

Unloading 4 unused Assets to reduce memory usage. Loaded Objects now: 1628.
Total: 12.380600 ms (FindLiveObjects: 0.277700 ms CreateObjectMapping: 0.085200 ms MarkObjects: 11.991500 ms  DeleteObjects: 0.024200 ms)

========================================================================
Received Import Request.
  Time since last request: 324.424195 seconds.
  path: Assets/Cyborg/Animations/_cyborg_jump.fbx
  artifactKey: Guid(1d0c00ad4186c204b9e99ce900441a85) Importer(815301076,1909f56bfc062723c751e8b465ee728b)
Start importing Assets/Cyborg/Animations/_cyborg_jump.fbx using Guid(1d0c00ad4186c204b9e99ce900441a85) Importer(815301076,1909f56bfc062723c751e8b465ee728b)  -> (artifact id: '664186ae36d4f33da1ead00fe409194e') in 0.056154 seconds
  Import took 0.061084 seconds .

========================================================================
Received Import Request.
  Time since last request: 0.015096 seconds.
  path: Assets/Cyborg/Animations/_cyborg_jump.fbx
  artifactKey: Guid(1d0c00ad4186c204b9e99ce900441a85) Importer(815301076,1909f56bfc062723c751e8b465ee728b)
Start importing Assets/Cyborg/Animations/_cyborg_jump.fbx using Guid(1d0c00ad4186c204b9e99ce900441a85) Importer(815301076,1909f56bfc062723c751e8b465ee728b)  -> (artifact id: '664186ae36d4f33da1ead00fe409194e') in 0.017416 seconds
  Import took 0.020485 seconds .

========================================================================
Received Import Request.
  Time since last request: 37.513655 seconds.
  path: Assets/Cyborg/Animations/_cyborg_jumpDown.fbx
  artifactKey: Guid(7c78c860f0b7f9d429b4b8fe55268eef) Importer(815301076,1909f56bfc062723c751e8b465ee728b)
Start importing Assets/Cyborg/Animations/_cyborg_jumpDown.fbx using Guid(7c78c860f0b7f9d429b4b8fe55268eef) Importer(815301076,1909f56bfc062723c751e8b465ee728b)  -> (artifact id: 'd79b02a72e50a640f1d0aefd613cac28') in 0.041578 seconds
  Import took 0.048667 seconds .

========================================================================
Received Import Request.
  Time since last request: 5.898269 seconds.
  path: Assets/Cyborg/Animations/_cyborg_jumping.fbx
  artifactKey: Guid(79be58ec425dc214db32bd5de63be555) Importer(815301076,1909f56bfc062723c751e8b465ee728b)
Start importing Assets/Cyborg/Animations/_cyborg_jumping.fbx using Guid(79be58ec425dc214db32bd5de63be555) Importer(815301076,1909f56bfc062723c751e8b465ee728b)  -> (artifact id: 'fd9d37027cdba11b59cc4390a47cbbcb') in 0.038898 seconds
  Import took 0.045148 seconds .

========================================================================
Received Import Request.
  Time since last request: 3.915788 seconds.
  path: Assets/Cyborg/Animations/_cyborg_jumpUp.fbx
  artifactKey: Guid(6305808ec3169054d9f40c53982a2353) Importer(815301076,1909f56bfc062723c751e8b465ee728b)
Start importing Assets/Cyborg/Animations/_cyborg_jumpUp.fbx using Guid(6305808ec3169054d9f40c53982a2353) Importer(815301076,1909f56bfc062723c751e8b465ee728b)  -> (artifact id: '5604b2ddc81bd47a2e0accb2a52826af') in 0.037446 seconds
  Import took 0.041699 seconds .

========================================================================
Received Import Request.
  Time since last request: 0.000916 seconds.
  path: Assets/Cyborg/Animations/_cyborg_jumpUp.fbx
  artifactKey: Guid(6305808ec3169054d9f40c53982a2353) Importer(815301076,1909f56bfc062723c751e8b465ee728b)
Start importing Assets/Cyborg/Animations/_cyborg_jumpUp.fbx using Guid(6305808ec3169054d9f40c53982a2353) Importer(815301076,1909f56bfc062723c751e8b465ee728b)  -> (artifact id: '5604b2ddc81bd47a2e0accb2a52826af') in 0.019081 seconds
  Import took 0.025020 seconds .

========================================================================
Received Prepare
Registering precompiled user dll's ...
Registered in 0.001321 seconds.
Begin MonoManager ReloadAssembly
Native extension for WindowsStandalone target not found
Refreshing native plugins compatible for Editor in 0.36 ms, found 0 plugins.
Preloading 0 native plugins for Editor in 0.00 ms.
Invoked RoslynAnalysisRunner static constructor.
RoslynAnalysisRunner will not be running.
RoslynAnalysisRunner has terminated.
Mono: successfully reloaded assembly
- Completed reload, in  1.284 seconds
Platform modules already initialized, skipping
Refreshing native plugins compatible for Editor in 0.34 ms, found 0 plugins.
Preloading 0 native plugins for Editor in 0.00 ms.
Unloading 1102 Unused Serialized files (Serialized files now loaded: 0)
System memory in use before: 77.1 MB.
System memory in use after: 77.2 MB.

Unloading 4 unused Assets to reduce memory usage. Loaded Objects now: 1631.
Total: 4.204700 ms (FindLiveObjects: 0.266900 ms CreateObjectMapping: 0.080800 ms MarkObjects: 3.829600 ms  DeleteObjects: 0.025000 ms)

========================================================================
Received Import Request.
  Time since last request: 92.502746 seconds.
  path: Assets/Cyborg
  artifactKey: Guid(6208afb70343c6f47a5c2423bfa49cfd) Importer(815301076,1909f56bfc062723c751e8b465ee728b)
Start importing Assets/Cyborg using Guid(6208afb70343c6f47a5c2423bfa49cfd) Importer(815301076,1909f56bfc062723c751e8b465ee728b)  -> (artifact id: '052dbe329996e88703b57be4b9d6d221') in 0.018491 seconds
  Import took 0.021583 seconds .

========================================================================
Received Import Request.
  Time since last request: 47.703034 seconds.
  path: Assets/JR-1/JR-1 Models/JR-1 mod1 jump.FBX
  artifactKey: Guid(4060debe5dbd4b1408e115a5b5386527) Importer(815301076,1909f56bfc062723c751e8b465ee728b)
Start importing Assets/JR-1/JR-1 Models/JR-1 mod1 jump.FBX using Guid(4060debe5dbd4b1408e115a5b5386527) Importer(815301076,1909f56bfc062723c751e8b465ee728b)  -> (artifact id: 'becd3d9a1163b638bd55e39476e0338a') in 0.268677 seconds
  Import took 0.271731 seconds .

========================================================================
Received Import Request.
  Time since last request: 30.876104 seconds.
  path: Assets/JR-1/JR-1 Models
  artifactKey: Guid(46fb3ccda1df7f042adf7c06c5f8d04d) Importer(815301076,1909f56bfc062723c751e8b465ee728b)
Start importing Assets/JR-1/JR-1 Models using Guid(46fb3ccda1df7f042adf7c06c5f8d04d) Importer(815301076,1909f56bfc062723c751e8b465ee728b)  -> (artifact id: 'e0e32a48c1274df4a41fd48e34ec84a9') in 0.019914 seconds
  Import took 0.022499 seconds .

========================================================================
Received Import Request.
  Time since last request: 0.694882 seconds.
  path: Assets/JR-1
  artifactKey: Guid(224a41aeabcdd364fabc2daf75fb8358) Importer(815301076,1909f56bfc062723c751e8b465ee728b)
Start importing Assets/JR-1 using Guid(224a41aeabcdd364fabc2daf75fb8358) Importer(815301076,1909f56bfc062723c751e8b465ee728b)  -> (artifact id: '01e6f114ffaa3fa0c7cf3319cd30231c') in 0.061058 seconds
  Import took 0.064618 seconds .

========================================================================
Received Prepare
Registering precompiled user dll's ...
Registered in 0.001716 seconds.
Begin MonoManager ReloadAssembly
Native extension for WindowsStandalone target not found
Refreshing native plugins compatible for Editor in 0.33 ms, found 0 plugins.
Preloading 0 native plugins for Editor in 0.00 ms.
Invoked RoslynAnalysisRunner static constructor.
RoslynAnalysisRunner will not be running.
RoslynAnalysisRunner has terminated.
Mono: successfully reloaded assembly
- Completed reload, in  1.348 seconds
Platform modules already initialized, skipping
Refreshing native plugins compatible for Editor in 1.14 ms, found 0 plugins.
Preloading 0 native plugins for Editor in 0.00 ms.
Unloading 1102 Unused Serialized files (Serialized files now loaded: 0)
System memory in use before: 77.2 MB.
System memory in use after: 77.3 MB.

Unloading 4 unused Assets to reduce memory usage. Loaded Objects now: 1668.
Total: 10.472000 ms (FindLiveObjects: 1.845000 ms CreateObjectMapping: 0.362700 ms MarkObjects: 8.189900 ms  DeleteObjects: 0.069500 ms)

========================================================================
Received Import Request.
  Time since last request: 75.385364 seconds.
  path: Assets/Resources/Player0.prefab
  artifactKey: Guid(196405dd91626fd4c8aa9160f83204a2) Importer(815301076,1909f56bfc062723c751e8b465ee728b)
Start importing Assets/Resources/Player0.prefab using Guid(196405dd91626fd4c8aa9160f83204a2) Importer(815301076,1909f56bfc062723c751e8b465ee728b)  -> (artifact id: 'e5a2cd749b8d4038b38ab6e2a4223980') in 1.622201 seconds
  Import took 1.630891 seconds .

========================================================================
Received Import Request.
  Time since last request: 7.962809 seconds.
  path: Assets/Resources/Jump.anim
  artifactKey: Guid(04cd797112a5bc04289a003f7d5117a8) Importer(815301076,1909f56bfc062723c751e8b465ee728b)
Start importing Assets/Resources/Jump.anim using Guid(04cd797112a5bc04289a003f7d5117a8) Importer(815301076,1909f56bfc062723c751e8b465ee728b)  -> (artifact id: '167a8b16e30d179744240a9a64f9a830') in 0.036533 seconds
  Import took 0.046072 seconds .

========================================================================
Received Import Request.
  Time since last request: 0.005799 seconds.
  path: Assets/Resources/Jump.anim
  artifactKey: Guid(04cd797112a5bc04289a003f7d5117a8) Importer(815301076,1909f56bfc062723c751e8b465ee728b)
Start importing Assets/Resources/Jump.anim using Guid(04cd797112a5bc04289a003f7d5117a8) Importer(815301076,1909f56bfc062723c751e8b465ee728b)  -> (artifact id: '167a8b16e30d179744240a9a64f9a830') in 0.012259 seconds
  Import took 0.017055 seconds .

========================================================================
Received Import Request.
  Time since last request: 54.795892 seconds.
  path: Assets/Resources/Player0.prefab
  artifactKey: Guid(196405dd91626fd4c8aa9160f83204a2) Importer(815301076,1909f56bfc062723c751e8b465ee728b)
Start importing Assets/Resources/Player0.prefab using Guid(196405dd91626fd4c8aa9160f83204a2) Importer(815301076,1909f56bfc062723c751e8b465ee728b)  -> (artifact id: '6b46156dcf9bbca6ef67bf474c45bb43') in 0.096850 seconds
  Import took 0.104982 seconds .

========================================================================
Received Import Request.
  Time since last request: 0.002977 seconds.
  path: Assets/Resources/Player0.prefab
  artifactKey: Guid(196405dd91626fd4c8aa9160f83204a2) Importer(815301076,1909f56bfc062723c751e8b465ee728b)
Start importing Assets/Resources/Player0.prefab using Guid(196405dd91626fd4c8aa9160f83204a2) Importer(815301076,1909f56bfc062723c751e8b465ee728b)  -> (artifact id: '6b46156dcf9bbca6ef67bf474c45bb43') in 0.091202 seconds
  Import took 0.097315 seconds .

========================================================================
Received Import Request.
  Time since last request: 3.926617 seconds.
  path: Assets/Resources/Player0.prefab
  artifactKey: Guid(196405dd91626fd4c8aa9160f83204a2) Importer(815301076,1909f56bfc062723c751e8b465ee728b)
Start importing Assets/Resources/Player0.prefab using Guid(196405dd91626fd4c8aa9160f83204a2) Importer(815301076,1909f56bfc062723c751e8b465ee728b) The AnimationClip 'Jump' used by the Animation component 'Player0' must be marked as Legacy.

The AnimationClip 'Jump' used by the Animation component 'Player0(Clone)' must be marked as Legacy.
UnityEngine.StackTraceUtility:ExtractStackTrace ()
UnityEditor.EditorUtility:Internal_InstantiateRemoveAllNonAnimationComponentsSingle (UnityEngine.Object,UnityEngine.Vector3,UnityEngine.Quaternion)
UnityEditor.EditorUtility:InstantiateRemoveAllNonAnimationComponents (UnityEngine.Object,UnityEngine.Vector3,UnityEngine.Quaternion)
UnityEditor.EditorUtility:InstantiateForAnimatorPreview (UnityEngine.Object)
UnityEditor.GameObjectInspector/PreviewData:UpdateGameObject (UnityEngine.Object)
UnityEditor.GameObjectInspector/PreviewData:.ctor (UnityEngine.Object)
UnityEditor.GameObjectInspector:GetPreviewData ()
UnityEditor.GameObjectInspector:RenderStaticPreview (string,UnityEngine.Object[],int,int)
UnityEditor.AssetPreviewUpdater:CreatePreviewForAsset (UnityEngine.Object,UnityEngine.Object[],string)

[C:\buildslave\unity\build\Modules/Animation/Animation.cpp line 2050]

The AnimationClip 'Jump' used by the Animation component 'Player0(Clone)AnimatorPreview' must be marked as Legacy.
UnityEngine.StackTraceUtility:ExtractStackTrace ()
UnityEditor.EditorUtility:InitInstantiatedPreviewRecursive (UnityEngine.GameObject)
UnityEditor.EditorUtility:InstantiateForAnimatorPreview (UnityEngine.Object)
UnityEditor.GameObjectInspector/PreviewData:UpdateGameObject (UnityEngine.Object)
UnityEditor.GameObjectInspector/PreviewData:.ctor (UnityEngine.Object)
UnityEditor.GameObjectInspector:GetPreviewData ()
UnityEditor.GameObjectInspector:RenderStaticPreview (string,UnityEngine.Object[],int,int)
UnityEditor.AssetPreviewUpdater:CreatePreviewForAsset (UnityEngine.Object,UnityEngine.Object[],string)

[C:\buildslave\unity\build\Modules/Animation/Animation.cpp line 2050]

 -> (artifact id: '5ed1d096843315758deea8b02c38cdf2') in 0.084302 seconds
  Import took 0.092811 seconds .

========================================================================
Received Import Request.
  Time since last request: 315.997290 seconds.
  path: Assets/MIS-Packages/MultiJump
  artifactKey: Guid(cd2395d15b059c545a5ba24666071d88) Importer(815301076,1909f56bfc062723c751e8b465ee728b)
Start importing Assets/MIS-Packages/MultiJump using Guid(cd2395d15b059c545a5ba24666071d88) Importer(815301076,1909f56bfc062723c751e8b465ee728b)  -> (artifact id: 'ca973d9aa582fa80e1da89278f07b982') in 0.035578 seconds
  Import took 0.051524 seconds .

========================================================================
Received Import Request.
  Time since last request: 2.840797 seconds.
  path: Assets/MIS-Packages/MultiJump/Demo/Animators
  artifactKey: Guid(6e7be2ddb6aca62469118677392392c8) Importer(815301076,1909f56bfc062723c751e8b465ee728b)
Start importing Assets/MIS-Packages/MultiJump/Demo/Animators using Guid(6e7be2ddb6aca62469118677392392c8) Importer(815301076,1909f56bfc062723c751e8b465ee728b)  -> (artifact id: '93f7559e80a647844d685744ad5aa5de') in 0.063832 seconds
  Import took 0.087794 seconds .

========================================================================
Received Import Request.
  Time since last request: 1.630378 seconds.
  path: Assets/MIS-Packages/MultiJump/Demo/Animators/MultiJump@BasicLocomotion.controller
  artifactKey: Guid(33fcaefc55d51064ba103c011c3bee92) Importer(815301076,1909f56bfc062723c751e8b465ee728b)
Start importing Assets/MIS-Packages/MultiJump/Demo/Animators/MultiJump@BasicLocomotion.controller using Guid(33fcaefc55d51064ba103c011c3bee92) Importer(815301076,1909f56bfc062723c751e8b465ee728b)  -> (artifact id: '20ef5cf1d7ad0462872eebc0495739e9') in 0.240530 seconds
  Import took 0.253545 seconds .

========================================================================
Received Import Request.
  Time since last request: 0.748768 seconds.
  path: Assets/MIS-Packages/MultiJump/Demo/Animators/MultiJump@ShooterMelee.controller
  artifactKey: Guid(d2cf90385dfc6f9438f0fb3831a2d7dc) Importer(815301076,1909f56bfc062723c751e8b465ee728b)
Start importing Assets/MIS-Packages/MultiJump/Demo/Animators/MultiJump@ShooterMelee.controller using Guid(d2cf90385dfc6f9438f0fb3831a2d7dc) Importer(815301076,1909f56bfc062723c751e8b465ee728b)  -> (artifact id: '7957e1cfb5bf13b6536b21f834f322ea') in 0.258921 seconds
  Import took 0.289720 seconds .

========================================================================
Received Import Request.
  Time since last request: 2.955976 seconds.
  path: Assets/MIS-Packages/MultiJump/Demo/Prefabs/MIS-MultiJump_Basic.prefab
  artifactKey: Guid(5e336c6d8b102a244b0068aa551c604d) Importer(815301076,1909f56bfc062723c751e8b465ee728b)
Start importing Assets/MIS-Packages/MultiJump/Demo/Prefabs/MIS-MultiJump_Basic.prefab using Guid(5e336c6d8b102a244b0068aa551c604d) Importer(815301076,1909f56bfc062723c751e8b465ee728b)  -> (artifact id: 'cdec2ffb47f39bb63aa3e267c812a935') in 0.196917 seconds
  Import took 0.233036 seconds .

========================================================================
Received Import Request.
  Time since last request: 1.161199 seconds.
  path: Assets/MIS-Packages/MultiJump/Demo/Animators/MultiJump@MeleeCombat_Upperbody.controller
  artifactKey: Guid(57d44da38fa77104f895c174af8cceb6) Importer(815301076,1909f56bfc062723c751e8b465ee728b)
Start importing Assets/MIS-Packages/MultiJump/Demo/Animators/MultiJump@MeleeCombat_Upperbody.controller using Guid(57d44da38fa77104f895c174af8cceb6) Importer(815301076,1909f56bfc062723c751e8b465ee728b)  -> (artifact id: '01d4a8a88622611ef5c3cdb49eb37c10') in 0.103794 seconds
  Import took 0.110351 seconds .

========================================================================
Received Import Request.
  Time since last request: 9.555195 seconds.
  path: Assets/MIS-Packages/MultiJump/Demo
  artifactKey: Guid(ba282e63886a34941b36d4560250dec9) Importer(815301076,1909f56bfc062723c751e8b465ee728b)
Start importing Assets/MIS-Packages/MultiJump/Demo using Guid(ba282e63886a34941b36d4560250dec9) Importer(815301076,1909f56bfc062723c751e8b465ee728b)  -> (artifact id: '0f06f7841107d7398883315caf9b969f') in 0.066771 seconds
  Import took 0.082256 seconds .

========================================================================
Received Import Request.
  Time since last request: 10.758821 seconds.
  path: Assets/MIS-Packages
  artifactKey: Guid(d946e58735a505243a79c925585c7938) Importer(815301076,1909f56bfc062723c751e8b465ee728b)
Start importing Assets/MIS-Packages using Guid(d946e58735a505243a79c925585c7938) Importer(815301076,1909f56bfc062723c751e8b465ee728b)  -> (artifact id: '42dc197afdc7f79bf30d7a8f1e982b11') in 0.022998 seconds
  Import took 0.028692 seconds .

========================================================================
Received Import Request.
  Time since last request: 228.870475 seconds.
  path: Assets/Animator/PlayerController.controller
  artifactKey: Guid(0e6bd9bf169ede642beea922b1214623) Importer(815301076,1909f56bfc062723c751e8b465ee728b)
Start importing Assets/Animator/PlayerController.controller using Guid(0e6bd9bf169ede642beea922b1214623) Importer(815301076,1909f56bfc062723c751e8b465ee728b)  -> (artifact id: 'd45e2c7d6e4a391a6934b2fab9c881d0') in 0.038063 seconds
  Import took 0.043140 seconds .

========================================================================
Received Prepare
Registering precompiled user dll's ...
Registered in 0.000981 seconds.
Begin MonoManager ReloadAssembly
Native extension for WindowsStandalone target not found
Refreshing native plugins compatible for Editor in 0.43 ms, found 0 plugins.
Preloading 0 native plugins for Editor in 0.00 ms.
Invoked RoslynAnalysisRunner static constructor.
RoslynAnalysisRunner will not be running.
RoslynAnalysisRunner has terminated.
Mono: successfully reloaded assembly
- Completed reload, in  1.742 seconds
Platform modules already initialized, skipping
Refreshing native plugins compatible for Editor in 0.33 ms, found 0 plugins.
Preloading 0 native plugins for Editor in 0.00 ms.
Unloading 1102 Unused Serialized files (Serialized files now loaded: 0)
System memory in use before: 78.2 MB.
System memory in use after: 78.3 MB.

Unloading 5 unused Assets to reduce memory usage. Loaded Objects now: 1672.
Total: 2.981500 ms (FindLiveObjects: 0.280700 ms CreateObjectMapping: 0.079000 ms MarkObjects: 2.589600 ms  DeleteObjects: 0.030400 ms)

========================================================================
Received Import Request.
  Time since last request: 29.272490 seconds.
  path: Assets/Scenes/Game.unity
  artifactKey: Guid(a8aa7160b4d08644fbfb4cd8a6ce3632) Importer(815301076,1909f56bfc062723c751e8b465ee728b)
Start importing Assets/Scenes/Game.unity using Guid(a8aa7160b4d08644fbfb4cd8a6ce3632) Importer(815301076,1909f56bfc062723c751e8b465ee728b)  -> (artifact id: '15b893057baa6ec41aafee161b8409fa') in 0.131923 seconds
  Import took 0.143436 seconds .

========================================================================
Received Prepare
Registering precompiled user dll's ...
Registered in 0.010116 seconds.
Begin MonoManager ReloadAssembly
Native extension for WindowsStandalone target not found
Refreshing native plugins compatible for Editor in 0.31 ms, found 0 plugins.
Preloading 0 native plugins for Editor in 0.00 ms.
Invoked RoslynAnalysisRunner static constructor.
RoslynAnalysisRunner will not be running.
RoslynAnalysisRunner has terminated.
Mono: successfully reloaded assembly
- Completed reload, in  1.329 seconds
Platform modules already initialized, skipping
Refreshing native plugins compatible for Editor in 0.31 ms, found 0 plugins.
Preloading 0 native plugins for Editor in 0.00 ms.
Unloading 1102 Unused Serialized files (Serialized files now loaded: 0)
System memory in use before: 78.2 MB.
System memory in use after: 78.3 MB.

Unloading 4 unused Assets to reduce memory usage. Loaded Objects now: 1675.
Total: 2.331900 ms (FindLiveObjects: 0.187600 ms CreateObjectMapping: 0.056700 ms MarkObjects: 2.067200 ms  DeleteObjects: 0.019000 ms)

========================================================================
Received Import Request.
  Time since last request: 80.641018 seconds.
  path: Assets/Scenes/Title.unity
  artifactKey: Guid(9fc0d4010bbf28b4594072e72b8655ab) Importer(815301076,1909f56bfc062723c751e8b465ee728b)
Start importing Assets/Scenes/Title.unity using Guid(9fc0d4010bbf28b4594072e72b8655ab) Importer(815301076,1909f56bfc062723c751e8b465ee728b)  -> (artifact id: '35b421a6ec6b6b09467c03ea7f3fca09') in 0.022700 seconds
  Import took 0.025668 seconds .

========================================================================
Received Import Request.
  Time since last request: 40.886757 seconds.
  path: Assets/Scenes/CharaSelect.unity
  artifactKey: Guid(6bfd8fea4a5c76a43b213d1c01ab93ae) Importer(815301076,1909f56bfc062723c751e8b465ee728b)
Start importing Assets/Scenes/CharaSelect.unity using Guid(6bfd8fea4a5c76a43b213d1c01ab93ae) Importer(815301076,1909f56bfc062723c751e8b465ee728b)  -> (artifact id: '817266f0e41440bc8cc0181035e1afee') in 0.024447 seconds
  Import took 0.029199 seconds .

========================================================================
Received Prepare
Registering precompiled user dll's ...
Registered in 0.002241 seconds.
Begin MonoManager ReloadAssembly
Native extension for WindowsStandalone target not found
Refreshing native plugins compatible for Editor in 0.33 ms, found 0 plugins.
Preloading 0 native plugins for Editor in 0.00 ms.
Invoked RoslynAnalysisRunner static constructor.
RoslynAnalysisRunner will not be running.
RoslynAnalysisRunner has terminated.
Mono: successfully reloaded assembly
- Completed reload, in  1.368 seconds
Platform modules already initialized, skipping
Refreshing native plugins compatible for Editor in 0.45 ms, found 0 plugins.
Preloading 0 native plugins for Editor in 0.00 ms.
Unloading 1102 Unused Serialized files (Serialized files now loaded: 0)
System memory in use before: 78.2 MB.
System memory in use after: 78.4 MB.

Unloading 4 unused Assets to reduce memory usage. Loaded Objects now: 1678.
Total: 4.650800 ms (FindLiveObjects: 0.326500 ms CreateObjectMapping: 0.139900 ms MarkObjects: 4.141200 ms  DeleteObjects: 0.037900 ms)

========================================================================
Received Import Request.
  Time since last request: 350.370567 seconds.
  path: Assets/CaharacterScripts/CharaSelect.cs
  artifactKey: Guid(3c806798f37f39b4881b055855620c14) Importer(815301076,1909f56bfc062723c751e8b465ee728b)
Start importing Assets/CaharacterScripts/CharaSelect.cs using Guid(3c806798f37f39b4881b055855620c14) Importer(815301076,1909f56bfc062723c751e8b465ee728b)  -> (artifact id: 'aeb1fe7f9f5e1ddc897d034b9a409d0f') in 0.086210 seconds
  Import took 0.122124 seconds .

========================================================================
Received Prepare
Registering precompiled user dll's ...
Registered in 0.001344 seconds.
Begin MonoManager ReloadAssembly
Native extension for WindowsStandalone target not found
Refreshing native plugins compatible for Editor in 0.82 ms, found 0 plugins.
Preloading 0 native plugins for Editor in 0.00 ms.
Invoked RoslynAnalysisRunner static constructor.
RoslynAnalysisRunner will not be running.
RoslynAnalysisRunner has terminated.
Mono: successfully reloaded assembly
- Completed reload, in  1.278 seconds
Platform modules already initialized, skipping
Refreshing native plugins compatible for Editor in 0.50 ms, found 0 plugins.
Preloading 0 native plugins for Editor in 0.00 ms.
Unloading 1102 Unused Serialized files (Serialized files now loaded: 0)
System memory in use before: 78.3 MB.
System memory in use after: 78.4 MB.

Unloading 4 unused Assets to reduce memory usage. Loaded Objects now: 1681.
Total: 3.471800 ms (FindLiveObjects: 0.287400 ms CreateObjectMapping: 0.106700 ms MarkObjects: 3.030700 ms  DeleteObjects: 0.044800 ms)

========================================================================
Received Prepare
Registering precompiled user dll's ...
Registered in 0.000973 seconds.
Begin MonoManager ReloadAssembly
Native extension for WindowsStandalone target not found
Refreshing native plugins compatible for Editor in 0.31 ms, found 0 plugins.
Preloading 0 native plugins for Editor in 0.00 ms.
Invoked RoslynAnalysisRunner static constructor.
RoslynAnalysisRunner will not be running.
RoslynAnalysisRunner has terminated.
Mono: successfully reloaded assembly
- Completed reload, in  1.699 seconds
Platform modules already initialized, skipping
Refreshing native plugins compatible for Editor in 0.39 ms, found 0 plugins.
Preloading 0 native plugins for Editor in 0.00 ms.
Unloading 1102 Unused Serialized files (Serialized files now loaded: 0)
System memory in use before: 78.3 MB.
System memory in use after: 78.4 MB.

Unloading 4 unused Assets to reduce memory usage. Loaded Objects now: 1684.
Total: 3.600500 ms (FindLiveObjects: 0.239400 ms CreateObjectMapping: 0.073500 ms MarkObjects: 3.256900 ms  DeleteObjects: 0.028600 ms)

AssetImportWorkerClient::OnTransportError - code=2 error=End of file
