Using pre-set license
Built from '2020.2/staging' branch; Version is '2020.2.7f1 (c53830e277f1) revision 12924976'; Using compiler version '192528614'; Build Type 'Release'
OS: 'Windows 10 Home; OS build 19042.1415; Version 2009; 64bit' Language: 'ja' Physical Memory: 32623 MB
BatchMode: 1, IsHumanControllingUs: 0, StartBugReporterOnCrash: 0, Is64bit: 1, IsPro: 0

 COMMAND LINE ARGUMENTS:
C:\Program Files\Unity\Hub\Editor\2020.2.7f1\Editor\Unity.exe
-adb2
-batchMode
-noUpm
-name
AssetImportWorker0
-projectPath
C:/Users/daisu/Desktop/Kakutou1week
-logFile
Logs/AssetImportWorker0.log
-srvPort
54868
Successfully changed project path to: C:/Users/daisu/Desktop/Kakutou1week
C:/Users/daisu/Desktop/Kakutou1week
Using Asset Import Pipeline V2.
Refreshing native plugins compatible for Editor in 21.22 ms, found 0 plugins.
Preloading 0 native plugins for Editor in 0.00 ms.
Initialize engine version: 2020.2.7f1 (c53830e277f1)
[Subsystems] Discovering subsystems at path C:/Program Files/Unity/Hub/Editor/2020.2.7f1/Editor/Data/Resources/UnitySubsystems
[Subsystems] Discovering subsystems at path C:/Users/daisu/Desktop/Kakutou1week/Assets
GfxDevice: creating device client; threaded=0
Direct3D:
    Version:  Direct3D 11.0 [level 11.1]
    Renderer: NVIDIA GeForce RTX 3060 (ID=0x2504)
    Vendor:   
    VRAM:     12143 MB
    Driver:   30.0.14.9649
Initialize mono
Mono path[0] = 'C:/Program Files/Unity/Hub/Editor/2020.2.7f1/Editor/Data/Managed'
Mono path[1] = 'C:/Program Files/Unity/Hub/Editor/2020.2.7f1/Editor/Data/MonoBleedingEdge/lib/mono/unityjit'
Mono config path = 'C:/Program Files/Unity/Hub/Editor/2020.2.7f1/Editor/Data/MonoBleedingEdge/etc'
Using monoOptions --debugger-agent=transport=dt_socket,embedding=1,server=y,suspend=n,address=127.0.0.1:56780
Begin MonoManager ReloadAssembly
Registering precompiled unity dll's ...
Register platform support module: C:/Program Files/Unity/Hub/Editor/2020.2.7f1/Editor/Data/PlaybackEngines/WebGLSupport/UnityEditor.WebGL.Extensions.dll
Register platform support module: C:/Program Files/Unity/Hub/Editor/2020.2.7f1/Editor/Data/PlaybackEngines/WindowsStandaloneSupport/UnityEditor.WindowsStandalone.Extensions.dll
Registered in 0.001768 seconds.
Native extension for WindowsStandalone target not found
Native extension for WebGL target not found
Refreshing native plugins compatible for Editor in 21.03 ms, found 0 plugins.
Preloading 0 native plugins for Editor in 0.00 ms.
Invoked RoslynAnalysisRunner static constructor.
RoslynAnalysisRunner will not be running.
RoslynAnalysisRunner has terminated.
Mono: successfully reloaded assembly
- Completed reload, in  0.740 seconds
Platform modules already initialized, skipping
Registering precompiled user dll's ...
Registered in 0.000642 seconds.
Begin MonoManager ReloadAssembly
Native extension for WindowsStandalone target not found
Native extension for WebGL target not found
Refreshing native plugins compatible for Editor in 0.27 ms, found 0 plugins.
Preloading 0 native plugins for Editor in 0.00 ms.
Invoked RoslynAnalysisRunner static constructor.
RoslynAnalysisRunner will not be running.
RoslynAnalysisRunner has terminated.
Mono: successfully reloaded assembly
- Completed reload, in  0.494 seconds
Platform modules already initialized, skipping
========================================================================
Worker process is ready to serve import requests
Launched and connected shader compiler UnityShaderCompiler.exe after 0.04 seconds
Refreshing native plugins compatible for Editor in 0.47 ms, found 0 plugins.
Preloading 0 native plugins for Editor in 0.00 ms.
Unloading 352 Unused Serialized files (Serialized files now loaded: 0)
System memory in use before: 112.6 MB.
System memory in use after: 112.7 MB.

Unloading 2 unused Assets to reduce memory usage. Loaded Objects now: 796.
Total: 0.956200 ms (FindLiveObjects: 0.073700 ms CreateObjectMapping: 0.010300 ms MarkObjects: 0.833500 ms  DeleteObjects: 0.038000 ms)

========================================================================
Received Import Request.
  path: Assets/Animator/PlayerController.controller
  artifactKey: Guid(0e6bd9bf169ede642beea922b1214623) Importer(815301076,1909f56bfc062723c751e8b465ee728b)
Start importing Assets/Animator/PlayerController.controller using Guid(0e6bd9bf169ede642beea922b1214623) Importer(815301076,1909f56bfc062723c751e8b465ee728b)  -> (artifact id: '5dfc361b886e942b04e1cb8f436d613a') in 0.022963 seconds
  Import took 0.024121 seconds .

========================================================================
Received Prepare
Registering precompiled user dll's ...
Registered in 0.000590 seconds.
Begin MonoManager ReloadAssembly
Native extension for WindowsStandalone target not found
Native extension for WebGL target not found
Refreshing native plugins compatible for Editor in 0.28 ms, found 0 plugins.
Preloading 0 native plugins for Editor in 0.00 ms.
Invoked RoslynAnalysisRunner static constructor.
RoslynAnalysisRunner will not be running.
RoslynAnalysisRunner has terminated.
Mono: successfully reloaded assembly
- Completed reload, in  0.459 seconds
Platform modules already initialized, skipping
Refreshing native plugins compatible for Editor in 0.26 ms, found 0 plugins.
Preloading 0 native plugins for Editor in 0.00 ms.
Unloading 317 Unused Serialized files (Serialized files now loaded: 0)
System memory in use before: 110.1 MB.
System memory in use after: 110.2 MB.

Unloading 0 unused Assets to reduce memory usage. Loaded Objects now: 796.
Total: 0.797200 ms (FindLiveObjects: 0.049300 ms CreateObjectMapping: 0.008900 ms MarkObjects: 0.734800 ms  DeleteObjects: 0.003600 ms)

========================================================================
Received Prepare
Registering precompiled user dll's ...
Registered in 0.000701 seconds.
Begin MonoManager ReloadAssembly
Native extension for WindowsStandalone target not found
Native extension for WebGL target not found
Refreshing native plugins compatible for Editor in 0.26 ms, found 0 plugins.
Preloading 0 native plugins for Editor in 0.00 ms.
Invoked RoslynAnalysisRunner static constructor.
RoslynAnalysisRunner will not be running.
RoslynAnalysisRunner has terminated.
Mono: successfully reloaded assembly
- Completed reload, in  0.425 seconds
Platform modules already initialized, skipping
Refreshing native plugins compatible for Editor in 0.26 ms, found 0 plugins.
Preloading 0 native plugins for Editor in 0.00 ms.
Unloading 317 Unused Serialized files (Serialized files now loaded: 0)
System memory in use before: 110.1 MB.
System memory in use after: 110.2 MB.

Unloading 0 unused Assets to reduce memory usage. Loaded Objects now: 796.
Total: 0.846900 ms (FindLiveObjects: 0.051800 ms CreateObjectMapping: 0.010000 ms MarkObjects: 0.781800 ms  DeleteObjects: 0.002600 ms)

========================================================================
Received Prepare
Registering precompiled user dll's ...
Registered in 0.000499 seconds.
Begin MonoManager ReloadAssembly
Native extension for WindowsStandalone target not found
Native extension for WebGL target not found
Refreshing native plugins compatible for Editor in 0.28 ms, found 0 plugins.
Preloading 0 native plugins for Editor in 0.00 ms.
Invoked RoslynAnalysisRunner static constructor.
RoslynAnalysisRunner will not be running.
RoslynAnalysisRunner has terminated.
Mono: successfully reloaded assembly
- Completed reload, in  0.420 seconds
Platform modules already initialized, skipping
Refreshing native plugins compatible for Editor in 0.26 ms, found 0 plugins.
Preloading 0 native plugins for Editor in 0.00 ms.
Unloading 317 Unused Serialized files (Serialized files now loaded: 0)
System memory in use before: 110.2 MB.
System memory in use after: 110.2 MB.

Unloading 0 unused Assets to reduce memory usage. Loaded Objects now: 796.
Total: 0.809100 ms (FindLiveObjects: 0.046700 ms CreateObjectMapping: 0.008500 ms MarkObjects: 0.750900 ms  DeleteObjects: 0.002300 ms)

========================================================================
Received Prepare
Registering precompiled user dll's ...
Registered in 0.000571 seconds.
Begin MonoManager ReloadAssembly
Native extension for WindowsStandalone target not found
Native extension for WebGL target not found
Refreshing native plugins compatible for Editor in 0.29 ms, found 0 plugins.
Preloading 0 native plugins for Editor in 0.00 ms.
Invoked RoslynAnalysisRunner static constructor.
RoslynAnalysisRunner will not be running.
RoslynAnalysisRunner has terminated.
Mono: successfully reloaded assembly
- Completed reload, in  0.441 seconds
Platform modules already initialized, skipping
Refreshing native plugins compatible for Editor in 0.26 ms, found 0 plugins.
Preloading 0 native plugins for Editor in 0.00 ms.
Unloading 317 Unused Serialized files (Serialized files now loaded: 0)
System memory in use before: 110.2 MB.
System memory in use after: 110.2 MB.

Unloading 0 unused Assets to reduce memory usage. Loaded Objects now: 796.
Total: 0.860600 ms (FindLiveObjects: 0.047400 ms CreateObjectMapping: 0.010400 ms MarkObjects: 0.800300 ms  DeleteObjects: 0.002100 ms)

========================================================================
Received Prepare
Registering precompiled user dll's ...
Registered in 0.000622 seconds.
Begin MonoManager ReloadAssembly
Native extension for WindowsStandalone target not found
Native extension for WebGL target not found
Refreshing native plugins compatible for Editor in 0.26 ms, found 0 plugins.
Preloading 0 native plugins for Editor in 0.00 ms.
Invoked RoslynAnalysisRunner static constructor.
RoslynAnalysisRunner will not be running.
RoslynAnalysisRunner has terminated.
Mono: successfully reloaded assembly
- Completed reload, in  0.436 seconds
Platform modules already initialized, skipping
Refreshing native plugins compatible for Editor in 0.27 ms, found 0 plugins.
Preloading 0 native plugins for Editor in 0.00 ms.
Unloading 317 Unused Serialized files (Serialized files now loaded: 0)
System memory in use before: 110.2 MB.
System memory in use after: 110.2 MB.

Unloading 0 unused Assets to reduce memory usage. Loaded Objects now: 796.
Total: 1.008200 ms (FindLiveObjects: 0.052600 ms CreateObjectMapping: 0.010500 ms MarkObjects: 0.940700 ms  DeleteObjects: 0.003600 ms)

========================================================================
Received Prepare
Registering precompiled user dll's ...
Registered in 0.000529 seconds.
Begin MonoManager ReloadAssembly
Native extension for WindowsStandalone target not found
Native extension for WebGL target not found
Refreshing native plugins compatible for Editor in 0.26 ms, found 0 plugins.
Preloading 0 native plugins for Editor in 0.00 ms.
Invoked RoslynAnalysisRunner static constructor.
RoslynAnalysisRunner will not be running.
RoslynAnalysisRunner has terminated.
Mono: successfully reloaded assembly
- Completed reload, in  0.463 seconds
Platform modules already initialized, skipping
Refreshing native plugins compatible for Editor in 0.30 ms, found 0 plugins.
Preloading 0 native plugins for Editor in 0.00 ms.
Unloading 317 Unused Serialized files (Serialized files now loaded: 0)
System memory in use before: 110.2 MB.
System memory in use after: 110.2 MB.

Unloading 0 unused Assets to reduce memory usage. Loaded Objects now: 796.
Total: 0.837600 ms (FindLiveObjects: 0.047400 ms CreateObjectMapping: 0.009300 ms MarkObjects: 0.777600 ms  DeleteObjects: 0.002800 ms)

========================================================================
Received Prepare
Registering precompiled user dll's ...
Registered in 0.000578 seconds.
Begin MonoManager ReloadAssembly
Native extension for WindowsStandalone target not found
Native extension for WebGL target not found
Refreshing native plugins compatible for Editor in 0.33 ms, found 0 plugins.
Preloading 0 native plugins for Editor in 0.00 ms.
Invoked RoslynAnalysisRunner static constructor.
RoslynAnalysisRunner will not be running.
RoslynAnalysisRunner has terminated.
Mono: successfully reloaded assembly
- Completed reload, in  0.441 seconds
Platform modules already initialized, skipping
Refreshing native plugins compatible for Editor in 0.28 ms, found 0 plugins.
Preloading 0 native plugins for Editor in 0.00 ms.
Unloading 317 Unused Serialized files (Serialized files now loaded: 0)
System memory in use before: 110.2 MB.
System memory in use after: 110.2 MB.

Unloading 0 unused Assets to reduce memory usage. Loaded Objects now: 796.
Total: 1.016000 ms (FindLiveObjects: 0.069900 ms CreateObjectMapping: 0.010200 ms MarkObjects: 0.931900 ms  DeleteObjects: 0.003000 ms)

========================================================================
Received Prepare
Registering precompiled user dll's ...
Registered in 0.000571 seconds.
Begin MonoManager ReloadAssembly
Native extension for WindowsStandalone target not found
Native extension for WebGL target not found
Refreshing native plugins compatible for Editor in 0.26 ms, found 0 plugins.
Preloading 0 native plugins for Editor in 0.00 ms.
Invoked RoslynAnalysisRunner static constructor.
RoslynAnalysisRunner will not be running.
RoslynAnalysisRunner has terminated.
Mono: successfully reloaded assembly
- Completed reload, in  0.449 seconds
Platform modules already initialized, skipping
Refreshing native plugins compatible for Editor in 0.27 ms, found 0 plugins.
Preloading 0 native plugins for Editor in 0.00 ms.
Unloading 317 Unused Serialized files (Serialized files now loaded: 0)
System memory in use before: 110.2 MB.
System memory in use after: 110.2 MB.

Unloading 0 unused Assets to reduce memory usage. Loaded Objects now: 796.
Total: 0.829600 ms (FindLiveObjects: 0.046900 ms CreateObjectMapping: 0.009300 ms MarkObjects: 0.770500 ms  DeleteObjects: 0.002200 ms)

========================================================================
Received Import Request.
  Time since last request: 721.889592 seconds.
  path: Assets/Luna 3d - Anime Style
  artifactKey: Guid(2dbf4c8b86b58d34796837ba15a098d2) Importer(815301076,1909f56bfc062723c751e8b465ee728b)
Start importing Assets/Luna 3d - Anime Style using Guid(2dbf4c8b86b58d34796837ba15a098d2) Importer(815301076,1909f56bfc062723c751e8b465ee728b)  -> (artifact id: 'ef5b31f6bd9dfbf34f9a3ed109c3f3b0') in 0.004309 seconds
  Import took 0.005505 seconds .

========================================================================
Received Import Request.
  Time since last request: 0.000336 seconds.
  path: Assets/Luna 3d - Anime Style
  artifactKey: Guid(2dbf4c8b86b58d34796837ba15a098d2) Importer(815301076,1909f56bfc062723c751e8b465ee728b)
Start importing Assets/Luna 3d - Anime Style using Guid(2dbf4c8b86b58d34796837ba15a098d2) Importer(815301076,1909f56bfc062723c751e8b465ee728b)  -> (artifact id: 'ef5b31f6bd9dfbf34f9a3ed109c3f3b0') in 0.001942 seconds
  Import took 0.002730 seconds .

========================================================================
Received Import Request.
  Time since last request: 4.935144 seconds.
  path: Assets/player2
  artifactKey: Guid(2dbf4c8b86b58d34796837ba15a098d2) Importer(815301076,1909f56bfc062723c751e8b465ee728b)
Start importing Assets/player2 using Guid(2dbf4c8b86b58d34796837ba15a098d2) Importer(815301076,1909f56bfc062723c751e8b465ee728b)  -> (artifact id: 'd0f9b259a2b831bf18ff9047b52982f3') in 0.002269 seconds
  Import took 0.003140 seconds .

========================================================================
Received Import Request.
  Time since last request: 4.946043 seconds.
  path: Assets/Resources/Luna Prefab.prefab
  artifactKey: Guid(2739dff1e8735154c95f1d5a0c3ce68d) Importer(815301076,1909f56bfc062723c751e8b465ee728b)
Start importing Assets/Resources/Luna Prefab.prefab using Guid(2739dff1e8735154c95f1d5a0c3ce68d) Importer(815301076,1909f56bfc062723c751e8b465ee728b)  -> (artifact id: '75ea20bced0aa7d1b6e2fbc34a4b6eeb') in 0.105773 seconds
  Import took 0.107024 seconds .

========================================================================
Received Import Request.
  Time since last request: 4.906416 seconds.
  path: Assets/Resources/player2.prefab
  artifactKey: Guid(2739dff1e8735154c95f1d5a0c3ce68d) Importer(815301076,1909f56bfc062723c751e8b465ee728b)
Start importing Assets/Resources/player2.prefab using Guid(2739dff1e8735154c95f1d5a0c3ce68d) Importer(815301076,1909f56bfc062723c751e8b465ee728b)  -> (artifact id: 'd036d6fe447e36526320cadf7ef66733') in 0.023157 seconds
  Import took 0.024439 seconds .

========================================================================
Received Import Request.
  Time since last request: 19.772805 seconds.
  path: Assets/Resources/player2.prefab
  artifactKey: Guid(2739dff1e8735154c95f1d5a0c3ce68d) Importer(815301076,1909f56bfc062723c751e8b465ee728b)
Start importing Assets/Resources/player2.prefab using Guid(2739dff1e8735154c95f1d5a0c3ce68d) Importer(815301076,1909f56bfc062723c751e8b465ee728b)  -> (artifact id: '515f9ce53709a580cc19d975e9449b00') in 0.018116 seconds
  Import took 0.019554 seconds .

========================================================================
Received Import Request.
  Time since last request: 4.522760 seconds.
  path: Assets/Resources/player2.prefab
  artifactKey: Guid(2739dff1e8735154c95f1d5a0c3ce68d) Importer(815301076,1909f56bfc062723c751e8b465ee728b)
Start importing Assets/Resources/player2.prefab using Guid(2739dff1e8735154c95f1d5a0c3ce68d) Importer(815301076,1909f56bfc062723c751e8b465ee728b)  -> (artifact id: '347353df6324923b186f6937fdcc6544') in 0.017751 seconds
  Import took 0.019107 seconds .

========================================================================
Received Import Request.
  Time since last request: 0.000414 seconds.
  path: Assets/Resources/player2.prefab
  artifactKey: Guid(2739dff1e8735154c95f1d5a0c3ce68d) Importer(815301076,1909f56bfc062723c751e8b465ee728b)
Start importing Assets/Resources/player2.prefab using Guid(2739dff1e8735154c95f1d5a0c3ce68d) Importer(815301076,1909f56bfc062723c751e8b465ee728b)  -> (artifact id: '347353df6324923b186f6937fdcc6544') in 0.016237 seconds
  Import took 0.017618 seconds .

========================================================================
Received Import Request.
  Time since last request: 2.632935 seconds.
  path: Assets/Resources/player2.prefab
  artifactKey: Guid(2739dff1e8735154c95f1d5a0c3ce68d) Importer(815301076,1909f56bfc062723c751e8b465ee728b)
Start importing Assets/Resources/player2.prefab using Guid(2739dff1e8735154c95f1d5a0c3ce68d) Importer(815301076,1909f56bfc062723c751e8b465ee728b)  -> (artifact id: '2c0dee544299f5d8f1d1edf59b2d4cb1') in 0.016821 seconds
  Import took 0.018187 seconds .

========================================================================
Received Import Request.
  Time since last request: 0.711190 seconds.
  path: Assets/Resources/player2.prefab
  artifactKey: Guid(2739dff1e8735154c95f1d5a0c3ce68d) Importer(815301076,1909f56bfc062723c751e8b465ee728b)
Start importing Assets/Resources/player2.prefab using Guid(2739dff1e8735154c95f1d5a0c3ce68d) Importer(815301076,1909f56bfc062723c751e8b465ee728b)  -> (artifact id: 'dea16243f7826ecad7b33474c06ad09d') in 0.022849 seconds
  Import took 0.024437 seconds .

========================================================================
Received Import Request.
  Time since last request: 2.803133 seconds.
  path: Assets/Resources/player2.prefab
  artifactKey: Guid(2739dff1e8735154c95f1d5a0c3ce68d) Importer(815301076,1909f56bfc062723c751e8b465ee728b)
Start importing Assets/Resources/player2.prefab using Guid(2739dff1e8735154c95f1d5a0c3ce68d) Importer(815301076,1909f56bfc062723c751e8b465ee728b)  -> (artifact id: '741ba59c4bf376ec6eef10d4dd8ea17d') in 0.021336 seconds
  Import took 0.022864 seconds .

========================================================================
Received Import Request.
  Time since last request: 37.059355 seconds.
  path: Assets/Resources/Player0.prefab
  artifactKey: Guid(196405dd91626fd4c8aa9160f83204a2) Importer(815301076,1909f56bfc062723c751e8b465ee728b)
Start importing Assets/Resources/Player0.prefab using Guid(196405dd91626fd4c8aa9160f83204a2) Importer(815301076,1909f56bfc062723c751e8b465ee728b)  -> (artifact id: 'd36777da73c80fa4761a48345c1dae8a') in 0.033642 seconds
  Import took 0.036137 seconds .

========================================================================
Received Import Request.
  Time since last request: 4.937949 seconds.
  path: Assets/Resources/player2.prefab
  artifactKey: Guid(2739dff1e8735154c95f1d5a0c3ce68d) Importer(815301076,1909f56bfc062723c751e8b465ee728b)
Start importing Assets/Resources/player2.prefab using Guid(2739dff1e8735154c95f1d5a0c3ce68d) Importer(815301076,1909f56bfc062723c751e8b465ee728b)  -> (artifact id: '255a7d712dbee1f14692eaa7eae9c929') in 0.022145 seconds
  Import took 0.023805 seconds .

========================================================================
Received Import Request.
  Time since last request: 74.560209 seconds.
  path: Assets/Resources/player2.prefab
  artifactKey: Guid(2739dff1e8735154c95f1d5a0c3ce68d) Importer(815301076,1909f56bfc062723c751e8b465ee728b)
Start importing Assets/Resources/player2.prefab using Guid(2739dff1e8735154c95f1d5a0c3ce68d) Importer(815301076,1909f56bfc062723c751e8b465ee728b)  -> (artifact id: '975de7d98a97843c40658d95cc2079cf') in 0.024159 seconds
  Import took 0.025954 seconds .

========================================================================
Received Import Request.
  Time since last request: 0.014123 seconds.
  path: Assets/Resources/player2.prefab
  artifactKey: Guid(2739dff1e8735154c95f1d5a0c3ce68d) Importer(815301076,1909f56bfc062723c751e8b465ee728b)
Start importing Assets/Resources/player2.prefab using Guid(2739dff1e8735154c95f1d5a0c3ce68d) Importer(815301076,1909f56bfc062723c751e8b465ee728b)  -> (artifact id: '975de7d98a97843c40658d95cc2079cf') in 0.020666 seconds
  Import took 0.022368 seconds .

========================================================================
Received Prepare
Registering precompiled user dll's ...
Registered in 0.000629 seconds.
Begin MonoManager ReloadAssembly
Native extension for WindowsStandalone target not found
Native extension for WebGL target not found
Refreshing native plugins compatible for Editor in 0.39 ms, found 0 plugins.
Preloading 0 native plugins for Editor in 0.00 ms.
Invoked RoslynAnalysisRunner static constructor.
RoslynAnalysisRunner will not be running.
RoslynAnalysisRunner has terminated.
Mono: successfully reloaded assembly
- Completed reload, in  0.454 seconds
Platform modules already initialized, skipping
Refreshing native plugins compatible for Editor in 0.27 ms, found 0 plugins.
Preloading 0 native plugins for Editor in 0.00 ms.
Unloading 317 Unused Serialized files (Serialized files now loaded: 0)
System memory in use before: 127.5 MB.
System memory in use after: 127.5 MB.

Unloading 0 unused Assets to reduce memory usage. Loaded Objects now: 804.
Total: 0.825400 ms (FindLiveObjects: 0.049400 ms CreateObjectMapping: 0.008600 ms MarkObjects: 0.764700 ms  DeleteObjects: 0.002200 ms)

========================================================================
Received Prepare
Registering precompiled user dll's ...
Registered in 0.000532 seconds.
Begin MonoManager ReloadAssembly
Native extension for WindowsStandalone target not found
Native extension for WebGL target not found
Refreshing native plugins compatible for Editor in 0.27 ms, found 0 plugins.
Preloading 0 native plugins for Editor in 0.00 ms.
Invoked RoslynAnalysisRunner static constructor.
RoslynAnalysisRunner will not be running.
RoslynAnalysisRunner has terminated.
Mono: successfully reloaded assembly
- Completed reload, in  0.444 seconds
Platform modules already initialized, skipping
Refreshing native plugins compatible for Editor in 0.27 ms, found 0 plugins.
Preloading 0 native plugins for Editor in 0.00 ms.
Unloading 317 Unused Serialized files (Serialized files now loaded: 0)
System memory in use before: 127.5 MB.
System memory in use after: 127.5 MB.

Unloading 0 unused Assets to reduce memory usage. Loaded Objects now: 804.
Total: 0.878500 ms (FindLiveObjects: 0.050200 ms CreateObjectMapping: 0.008600 ms MarkObjects: 0.815700 ms  DeleteObjects: 0.003400 ms)

========================================================================
Received Import Request.
  Time since last request: 32.129628 seconds.
  path: Assets/Resources/player3.prefab
  artifactKey: Guid(8fb76780e40bf1142ac84afa008dfa0c) Importer(815301076,1909f56bfc062723c751e8b465ee728b)
Start importing Assets/Resources/player3.prefab using Guid(8fb76780e40bf1142ac84afa008dfa0c) Importer(815301076,1909f56bfc062723c751e8b465ee728b)  -> (artifact id: '869355583efcb33ff3c3e2d8ce4115ac') in 0.093248 seconds
  Import took 0.101267 seconds .

========================================================================
Received Import Request.
  Time since last request: 0.850531 seconds.
  path: Assets/Resources/player2.prefab
  artifactKey: Guid(2739dff1e8735154c95f1d5a0c3ce68d) Importer(815301076,1909f56bfc062723c751e8b465ee728b)
Start importing Assets/Resources/player2.prefab using Guid(2739dff1e8735154c95f1d5a0c3ce68d) Importer(815301076,1909f56bfc062723c751e8b465ee728b)  -> (artifact id: 'f295a4b7e38ef5b1ac964bf22aa31e99') in 0.022396 seconds
  Import took 0.024066 seconds .

