Using pre-set license
Built from '2020.2/staging' branch; Version is '2020.2.7f1 (c53830e277f1) revision 12924976'; Using compiler version '192528614'; Build Type 'Release'
OS: 'Windows 10 Pro; OS build 19043.1415; Version 2009; 64bit' Language: 'ja' Physical Memory: 8109 MB
BatchMode: 1, IsHumanControllingUs: 0, StartBugReporterOnCrash: 0, Is64bit: 1, IsPro: 0

 COMMAND LINE ARGUMENTS:
C:\Program Files\Unity\Hub\Editor\2020.2.7f1\Editor\Unity.exe
-adb2
-batchMode
-noUpm
-name
AssetImportWorker5
-projectPath
C:/Users/mgczc/Desktop/Kakutou1Week
-logFile
Logs/AssetImportWorker5.log
-srvPort
50235
Successfully changed project path to: C:/Users/mgczc/Desktop/Kakutou1Week
C:/Users/mgczc/Desktop/Kakutou1Week
Using Asset Import Pipeline V2.
Refreshing native plugins compatible for Editor in 145.21 ms, found 0 plugins.
Preloading 0 native plugins for Editor in 0.00 ms.
Initialize engine version: 2020.2.7f1 (c53830e277f1)
[Subsystems] Discovering subsystems at path C:/Program Files/Unity/Hub/Editor/2020.2.7f1/Editor/Data/Resources/UnitySubsystems
[Subsystems] Discovering subsystems at path C:/Users/mgczc/Desktop/Kakutou1Week/Assets
GfxDevice: creating device client; threaded=0
Direct3D:
    Version:  Direct3D 11.0 [level 11.1]
    Renderer: Intel(R) HD Graphics 620 (ID=0x5916)
    Vendor:   
    VRAM:     4054 MB
    Driver:   27.20.100.8682
Initialize mono
Mono path[0] = 'C:/Program Files/Unity/Hub/Editor/2020.2.7f1/Editor/Data/Managed'
Mono path[1] = 'C:/Program Files/Unity/Hub/Editor/2020.2.7f1/Editor/Data/MonoBleedingEdge/lib/mono/unityjit'
Mono config path = 'C:/Program Files/Unity/Hub/Editor/2020.2.7f1/Editor/Data/MonoBleedingEdge/etc'
Using monoOptions --debugger-agent=transport=dt_socket,embedding=1,server=y,suspend=n,address=127.0.0.1:56332
Begin MonoManager ReloadAssembly
Registering precompiled unity dll's ...
Register platform support module: C:/Program Files/Unity/Hub/Editor/2020.2.7f1/Editor/Data/PlaybackEngines/WindowsStandaloneSupport/UnityEditor.WindowsStandalone.Extensions.dll
Registered in 0.006738 seconds.
Native extension for WindowsStandalone target not found
Refreshing native plugins compatible for Editor in 122.03 ms, found 0 plugins.
Preloading 0 native plugins for Editor in 0.00 ms.
Invoked RoslynAnalysisRunner static constructor.
RoslynAnalysisRunner will not be running.
RoslynAnalysisRunner has terminated.
Mono: successfully reloaded assembly
- Completed reload, in  4.249 seconds
Platform modules already initialized, skipping
Registering precompiled user dll's ...
Registered in 0.003016 seconds.
Begin MonoManager ReloadAssembly
Native extension for WindowsStandalone target not found
Refreshing native plugins compatible for Editor in 0.89 ms, found 0 plugins.
Preloading 0 native plugins for Editor in 0.00 ms.
Invoked RoslynAnalysisRunner static constructor.
RoslynAnalysisRunner will not be running.
RoslynAnalysisRunner has terminated.
Mono: successfully reloaded assembly
- Completed reload, in  3.112 seconds
Platform modules already initialized, skipping
========================================================================
Worker process is ready to serve import requests
Launched and connected shader compiler UnityShaderCompiler.exe after 1.63 seconds
Refreshing native plugins compatible for Editor in 0.79 ms, found 0 plugins.
Preloading 0 native plugins for Editor in 0.00 ms.
Unloading 1137 Unused Serialized files (Serialized files now loaded: 0)
System memory in use before: 61.6 MB.
System memory in use after: 61.7 MB.

Unloading 9 unused Assets to reduce memory usage. Loaded Objects now: 1582.
Total: 5.031700 ms (FindLiveObjects: 0.394500 ms CreateObjectMapping: 0.116700 ms MarkObjects: 4.356900 ms  DeleteObjects: 0.160200 ms)

========================================================================
Received Import Request.
  path: Assets/Resources/Resultplayer0.prefab
  artifactKey: Guid(fbe38fb4c8d8547468e0e258682f526b) Importer(815301076,1909f56bfc062723c751e8b465ee728b)
Start importing Assets/Resources/Resultplayer0.prefab using Guid(fbe38fb4c8d8547468e0e258682f526b) Importer(815301076,1909f56bfc062723c751e8b465ee728b) Crash!!!
 -> (artifact id: '84d7674e65a1f55804164ae1f573a11c') in 4.105886 seconds
  Import took 4.116148 seconds .

========================================================================
Received Import Request.
  Time since last request: 0.000294 seconds.
  path: Assets/Resources/Resultplayer2.prefab
  artifactKey: Guid(a7df805e1639cdb4faffa0f831811c77) Importer(815301076,1909f56bfc062723c751e8b465ee728b)
Start importing Assets/Resources/Resultplayer2.prefab using Guid(a7df805e1639cdb4faffa0f831811c77) Importer(815301076,1909f56bfc062723c751e8b465ee728b) SymInit: Symbol-SearchPath: 'C:/Program Files/Unity/Hub/Editor/2020.2.7f1/Editor/Data/Mono;.;C:\Users\mgczc\Desktop\Kakutou1Week;C:\Program Files\Unity\Hub\Editor\2020.2.7f1\Editor;C:\WINDOWS;C:\WINDOWS\system32;SRV*C:\websymbols*http://msdl.microsoft.com/download/symbols;', symOptions: 534, UserName: 'ayumin'
OS-Version: 10.0.0
C:\Program Files\Unity\Hub\Editor\2020.2.7f1\Editor\Unity.exe:Unity.exe (00007FF69D7F0000), size: 134434816 (result: 0), SymType: '-deferred-', PDB: '', fileVersion: 2020.2.7.14384
C:\WINDOWS\SYSTEM32\ntdll.dll:ntdll.dll (00007FFEE2A90000), size: 2052096 (result: 0), SymType: '-deferred-', PDB: '', fileVersion: 10.0.19041.1288
C:\WINDOWS\System32\KERNEL32.DLL:KERNEL32.DLL (00007FFEE2550000), size: 778240 (result: 0), SymType: '-deferred-', PDB: '', fileVersion: 10.0.19041.1348
C:\WINDOWS\System32\KERNELBASE.dll:KERNELBASE.dll (00007FFEE0520000), size: 2916352 (result: 0), SymType: '-deferred-', PDB: '', fileVersion: 10.0.19041.1387
C:\WINDOWS\System32\CRYPT32.dll:CRYPT32.dll (00007FFEE07F0000), size: 1400832 (result: 0), SymType: '-deferred-', PDB: '', fileVersion: 10.0.19041.1320
C:\WINDOWS\System32\ucrtbase.dll:ucrtbase.dll (00007FFEE0420000), size: 1048576 (result: 0), SymType: '-deferred-', PDB: '', fileVersion: 10.0.19041.789
C:\WINDOWS\System32\USER32.dll:USER32.dll (00007FFEE2870000), size: 1708032 (result: 0), SymType: '-deferred-', PDB: '', fileVersion: 10.0.19041.1202
C:\WINDOWS\System32\win32u.dll:win32u.dll (00007FFEE09F0000), size: 139264 (result: 0), SymType: '-deferred-', PDB: '', fileVersion: 10.0.19041.1387
C:\WINDOWS\System32\GDI32.dll:GDI32.dll (00007FFEE2770000), size: 176128 (result: 0), SymType: '-deferred-', PDB: '', fileVersion: 10.0.19041.1202
C:\WINDOWS\System32\gdi32full.dll:gdi32full.dll (00007FFEE01F0000), size: 1101824 (result: 0), SymType: '-deferred-', PDB: '', fileVersion: 10.0.19041.1387
C:\WINDOWS\System32\msvcp_win.dll:msvcp_win.dll (00007FFEE0950000), size: 643072 (result: 0), SymType: '-deferred-', PDB: '', fileVersion: 10.0.19041.789
C:\WINDOWS\System32\ADVAPI32.dll:ADVAPI32.dll (00007FFEE26C0000), size: 704512 (result: 0), SymType: '-deferred-', PDB: '', fileVersion: 10.0.19041.1052
C:\WINDOWS\System32\msvcrt.dll:msvcrt.dll (00007FFEE2610000), size: 647168 (result: 0), SymType: '-deferred-', PDB: '', fileVersion: 7.0.19041.546
C:\WINDOWS\System32\sechost.dll:sechost.dll (00007FFEE0F60000), size: 634880 (result: 0), SymType: '-deferred-', PDB: '', fileVersion: 10.0.19041.1415
 -> (artifact id: 'cb0ce79ac85c729660f537b977751bcb') in 1.466562 seconds
C:\WINDOWS\System32\RPCRT4.dll:RPCRT4.dll (00007FFEE0DD0000), size: 1220608 (result: 0), SymType: '-deferred-', PDB: '', fileVersion: 10.0.19041.1288
C:\WINDOWS\System32\SHELL32.dll:SHELL32.dll (00007FFEE1510000), size: 7618560 (result: 0), SymType: '-deferred-', PDB: '', fileVersion: 10.0.19041.1387
C:\WINDOWS\System32\SHLWAPI.dll:SHLWAPI.dll (00007FFEE1120000), size: 348160 (result: 0), SymType: '-deferred-', PDB: '', fileVersion: 10.0.19041.1023
  Import took 1.907309 seconds .

========================================================================
Received Import Request.
  Time since last request: 0.000545 seconds.
  path: Assets/Resources/Resultplayer2.prefab
  artifactKey: Guid(a7df805e1639cdb4faffa0f831811c77) Importer(815301076,1909f56bfc062723c751e8b465ee728b)
Start importing Assets/Resources/Resultplayer2.prefab using Guid(a7df805e1639cdb4faffa0f831811c77) Importer(815301076,1909f56bfc062723c751e8b465ee728b) C:\WINDOWS\System32\ole32.dll:ole32.dll (00007FFEE12F0000), size: 1220608 (result: 0), SymType: '-deferred-', PDB: '', fileVersion: 10.0.19041.1202
 -> (artifact id: '2fbddc88d434342178f4843ca6a3710c') in 0.201649 seconds
C:\WINDOWS\System32\combase.dll:combase.dll (00007FFEE20E0000), size: 3493888 (result: 0), SymType: '-deferred-', PDB: '', fileVersion: 10.0.19041.1348
C:\WINDOWS\System32\IMM32.dll:IMM32.dll (00007FFEE2A20000), size: 196608 (result: 0), SymType: '-deferred-', PDB: '', fileVersion: 10.0.19041.546
C:\WINDOWS\System32\SETUPAPI.dll:SETUPAPI.dll (00007FFEE1C60000), size: 4661248 (result: 0), SymType: '-deferred-', PDB: '', fileVersion: 10.0.19041.1237
C:\WINDOWS\System32\cfgmgr32.dll:cfgmgr32.dll (00007FFEE01A0000), size: 319488 (result: 0), SymType: '-deferred-', PDB: '', fileVersion: 10.0.19041.1151
C:\WINDOWS\System32\bcrypt.dll:bcrypt.dll (00007FFEE0390000), size: 159744 (result: 0), SymType: '-deferred-', PDB: '', fileVersion: 10.0.19041.1023
C:\WINDOWS\System32\WS2_32.dll:WS2_32.dll (00007FFEE1420000), size: 438272 (result: 0), SymType: '-deferred-', PDB: '', fileVersion: 10.0.19041.546
C:\WINDOWS\System32\OLEAUT32.dll:OLEAUT32.dll (00007FFEE27A0000), size: 839680 (result: 0), SymType: '-deferred-', PDB: '', fileVersion: 10.0.19041.985
C:\WINDOWS\System32\WINTRUST.dll:WINTRUST.dll (00007FFEE03C0000), size: 393216 (result: 0), SymType: '-deferred-', PDB: '', fileVersion: 10.0.19041.1266
C:\Program Files\Unity\Hub\Editor\2020.2.7f1\Editor\optix.6.0.0.dll:optix.6.0.0.dll (00007FFEC9320000), size: 208896 (result: 0), SymType: '-deferred-', PDB: '', fileVersion: 6.0.0.0
C:\Program Files\Unity\Hub\Editor\2020.2.7f1\Editor\libfbxsdk.dll:libfbxsdk.dll (00007FFE78E40000), size: 8974336 (result: 0), SymType: '-deferred-', PDB: '', fileVersion: 2020.0.0.0
C:\Program Files\Unity\Hub\Editor\2020.2.7f1\Editor\OpenImageDenoise.dll:OpenImageDenoise.dll (00007FFE4F200000), size: 43806720 (result: 0), SymType: '-deferred-', PDB: ''
C:\Program Files\Unity\Hub\Editor\2020.2.7f1\Editor\umbraoptimizer64.dll:umbraoptimizer64.dll (00007FFEC1DC0000), size: 1306624 (result: 0), SymType: '-deferred-', PDB: ''
  Import took 0.621279 seconds .

========================================================================
Received Import Request.
  Time since last request: 0.001080 seconds.
  path: Assets/Resources/Resultplayer3.prefab
  artifactKey: Guid(842bdc00b28f5fa4caea42a96233a464) Importer(815301076,1909f56bfc062723c751e8b465ee728b)
Start importing Assets/Resources/Resultplayer3.prefab using Guid(842bdc00b28f5fa4caea42a96233a464) Importer(815301076,1909f56bfc062723c751e8b465ee728b) C:\WINDOWS\System32\WLDAP32.dll:WLDAP32.dll (00007FFEE0F00000), size: 352256 (result: 0), SymType: '-deferred-', PDB: '', fileVersion: 10.0.19041.546
 -> (artifact id: 'a6b06f11aad05650ff76cd8c26962230') in 0.963378 seconds
C:\WINDOWS\System32\Normaliz.dll:Normaliz.dll (00007FFEE0AD0000), size: 32768 (result: 0), SymType: '-deferred-', PDB: '', fileVersion: 10.0.19041.546
  Import took 2.491216 seconds .

C:\Program Files\Unity\Hub\Editor\2020.2.7f1\Editor\FreeImage.dll:FreeImage.dll (0000000180000000), size: 6414336 (result: 0), SymType: '-deferred-', PDB: '', fileVersion: 3.18.0.0
C:\Program Files\Unity\Hub\Editor\2020.2.7f1\Editor\ispc_texcomp.dll:ispc_texcomp.dll (00007FFEC23D0000), size: 1609728 (result: 0), SymType: '-deferred-', PDB: ''
C:\Program Files\Unity\Hub\Editor\2020.2.7f1\Editor\WinPixEventRuntime.dll:WinPixEventRuntime.dll (00007FFED7CA0000), size: 45056 (result: 0), SymType: '-deferred-', PDB: '', fileVersion: 1.0.1812.6001
C:\WINDOWS\SYSTEM32\OPENGL32.dll:OPENGL32.dll (00007FFEC2100000), size: 1200128 (result: 0), SymType: '-deferred-', PDB: '', fileVersion: 10.0.19041.1081
========================================================================
Received Import Request.
  Time since last request: 3.864348 seconds.
  path: Assets/Resources/Resultplayer3.prefab
  artifactKey: Guid(842bdc00b28f5fa4caea42a96233a464) Importer(815301076,1909f56bfc062723c751e8b465ee728b)
Start importing Assets/Resources/Resultplayer3.prefab using Guid(842bdc00b28f5fa4caea42a96233a464) Importer(815301076,1909f56bfc062723c751e8b465ee728b)  -> (artifact id: '8aa1d69d96be08deab94c5924818eb63') in 0.545284 seconds
C:\WINDOWS\SYSTEM32\GLU32.dll:GLU32.dll (00007FFECA680000), size: 180224 (result: 0), SymType: '-deferred-', PDB: '', fileVersion: 10.0.19041.1081
  Import took 0.567991 seconds .

C:\WINDOWS\SYSTEM32\IPHLPAPI.DLL:IPHLPAPI.DLL (00007FFEDF570000), size: 241664 (result: 0), SymType: '-deferred-', PDB: '', fileVersion: 10.0.19041.546
C:\WINDOWS\SYSTEM32\WINHTTP.dll:WINHTTP.dll (00007FFED6150000), size: 1097728 (result: 0), SymType: '-deferred-', PDB: '', fileVersion: 10.0.19041.1320
C:\WINDOWS\SYSTEM32\WINMM.dll:WINMM.dll (00007FFEC0780000), size: 159744 (result: 0), SymType: '-deferred-', PDB: '', fileVersion: 10.0.19041.546
C:\Program Files\Unity\Hub\Editor\2020.2.7f1\Editor\RadeonImageFilters.dll:RadeonImageFilters.dll (00007FFEB5CC0000), size: 2535424 (result: 0), SymType: '-deferred-', PDB: '', fileVersion: 1.5.1.0
C:\WINDOWS\SYSTEM32\HID.DLL:HID.DLL (00007FFEDEA30000), size: 53248 (result: 0), SymType: '-deferred-', PDB: '', fileVersion: 10.0.19041.546
C:\WINDOWS\SYSTEM32\VERSION.dll:VERSION.dll (00007FFECC330000), size: 40960 (result: 0), SymType: '-deferred-', PDB: '', fileVersion: 10.0.19041.546
C:\WINDOWS\SYSTEM32\WSOCK32.dll:WSOCK32.dll (00007FFED7C50000), size: 36864 (result: 0), SymType: '-deferred-', PDB: '', fileVersion: 10.0.19041.1
C:\Program Files\Unity\Hub\Editor\2020.2.7f1\Editor\SketchUpAPI.dll:SketchUpAPI.dll (00007FFE76060000), size: 8978432 (result: 0), SymType: '-deferred-', PDB: '', fileVersion: 19.0.753.0
C:\Program Files\Unity\Hub\Editor\2020.2.7f1\Editor\tbb.dll:tbb.dll (00007FFEC6150000), size: 413696 (result: 0), SymType: '-deferred-', PDB: '', fileVersion: 2017.0.2016.1004
C:\WINDOWS\SYSTEM32\VCRUNTIME140.dll:VCRUNTIME140.dll (00007FFEC7880000), size: 110592 (result: 0), SymType: '-deferred-', PDB: '', fileVersion: 14.29.30135.0
C:\WINDOWS\SYSTEM32\MSVCP140.dll:MSVCP140.dll (00007FFEC5C20000), size: 577536 (result: 0), SymType: '-deferred-', PDB: '', fileVersion: 14.29.30135.0
C:\WINDOWS\SYSTEM32\CRYPTBASE.DLL:CRYPTBASE.DLL (00007FFEDFA70000), size: 49152 (result: 0), SymType: '-deferred-', PDB: '', fileVersion: 10.0.19041.546
C:\WINDOWS\SYSTEM32\MSVCP120.dll:MSVCP120.dll (00007FFEC5670000), size: 679936 (result: 0), SymType: '-deferred-', PDB: '', fileVersion: 12.0.40664.0
C:\Program Files\Unity\Hub\Editor\2020.2.7f1\Editor\SketchUpCommonPreferences.dll:SketchUpCommonPreferences.dll (00007FFEC62D0000), size: 483328 (result: 0), SymType: '-deferred-', PDB: '', fileVersion: 19.0.753.20342
C:\WINDOWS\SYSTEM32\Secur32.dll:Secur32.dll (00007FFEC3F10000), size: 49152 (result: 0), SymType: '-deferred-', PDB: '', fileVersion: 10.0.19041.546
C:\WINDOWS\SYSTEM32\VCRUNTIME140_1.dll:VCRUNTIME140_1.dll (00007FFEC9B60000), size: 49152 (result: 0), SymType: '-deferred-', PDB: '', fileVersion: 14.29.30135.0
C:\WINDOWS\SYSTEM32\MSVCR120.dll:MSVCR120.dll (00007FFEC5A90000), size: 978944 (result: 0), SymType: '-deferred-', PDB: '', fileVersion: 12.0.40664.0
C:\WINDOWS\SYSTEM32\SSPICLI.DLL:SSPICLI.DLL (00007FFEE0090000), size: 200704 (result: 0), SymType: '-deferred-', PDB: '', fileVersion: 10.0.19041.1266
C:\Program Files\Unity\Hub\Editor\2020.2.7f1\Editor\OpenRL.dll:OpenRL.dll (0000020C38750000), size: 12779520 (result: 0), SymType: '-deferred-', PDB: '', fileVersion: 1.5.0.2907
C:\WINDOWS\SYSTEM32\MSVCP100.dll:MSVCP100.dll (000000006B7D0000), size: 622592 (result: 0), SymType: '-deferred-', PDB: '', fileVersion: 10.0.40219.325
C:\WINDOWS\SYSTEM32\MSVCR100.dll:MSVCR100.dll (000000006B6F0000), size: 860160 (result: 0), SymType: '-deferred-', PDB: '', fileVersion: 10.0.40219.325
C:\Program Files\Unity\Hub\Editor\2020.2.7f1\Editor\embree.dll:embree.dll (00007FFE75070000), size: 16711680 (result: 0), SymType: '-deferred-', PDB: '', fileVersion: 2.14.0.0
C:\WINDOWS\SYSTEM32\MSWSOCK.DLL:MSWSOCK.DLL (00007FFEDF880000), size: 434176 (result: 0), SymType: '-deferred-', PDB: '', fileVersion: 10.0.19041.546
C:\Program Files\Unity\Hub\Editor\2020.2.7f1\Editor\OpenRL_pthread.dll:OpenRL_pthread.dll (0000020C393A0000), size: 61440 (result: 0), SymType: '-deferred-', PDB: '', fileVersion: 2.9.0.0
C:\WINDOWS\SYSTEM32\MSASN1.dll:MSASN1.dll (00007FFEDFD80000), size: 73728 (result: 0), SymType: '-deferred-', PDB: '', fileVersion: 10.0.19041.546
C:\WINDOWS\SYSTEM32\kernel.appcore.dll:kernel.appcore.dll (00007FFEDE270000), size: 73728 (result: 0), SymType: '-deferred-', PDB: '', fileVersion: 10.0.19041.546
C:\WINDOWS\System32\bcryptPrimitives.dll:bcryptPrimitives.dll (00007FFEE0300000), size: 532480 (result: 0), SymType: '-deferred-', PDB: '', fileVersion: 10.0.19041.1415
C:\WINDOWS\system32\uxtheme.dll:uxtheme.dll (00007FFEDA4E0000), size: 647168 (result: 0), SymType: '-deferred-', PDB: '', fileVersion: 10.0.19041.1266
C:\PROGRA~2\JWord\Plugin2\JWDSRC~1.DLL:JWDSRC~1.DLL (00007FFEC9F80000), size: 765952 (result: 0), SymType: '-deferred-', PDB: '', fileVersion: 3.1.3.3
C:\WINDOWS\WinSxS\amd64_microsoft.windows.common-controls_6595b64144ccf1df_6.0.19041.1110_none_60b5254171f9507e\COMCTL32.dll:COMCTL32.dll (00007FFEC3C10000), size: 2727936 (result: 0), SymType: '-deferred-', PDB: '', fileVersion: 6.10.19041.1110
C:\WINDOWS\SYSTEM32\urlmon.dll:urlmon.dll (00007FFECCA70000), size: 2011136 (result: 0), SymType: '-deferred-', PDB: '', fileVersion: 11.0.19041.1320
C:\WINDOWS\SYSTEM32\WININET.dll:WININET.dll (00007FFEC95B0000), size: 5079040 (result: 0), SymType: '-deferred-', PDB: '', fileVersion: 11.0.19041.1320
C:\WINDOWS\SYSTEM32\iertutil.dll:iertutil.dll (00007FFECC7C0000), size: 2818048 (result: 0), SymType: '-deferred-', PDB: '', fileVersion: 11.0.19041.1266
C:\WINDOWS\System32\shcore.dll:shcore.dll (00007FFEE0D20000), size: 708608 (result: 0), SymType: '-deferred-', PDB: '', fileVersion: 10.0.19041.1387
C:\WINDOWS\SYSTEM32\srvcli.dll:srvcli.dll (00007FFECA8F0000), size: 163840 (result: 0), SymType: '-deferred-', PDB: '', fileVersion: 10.0.19041.546
C:\WINDOWS\SYSTEM32\netutils.dll:netutils.dll (00007FFEDF680000), size: 49152 (result: 0), SymType: '-deferred-', PDB: '', fileVersion: 10.0.19041.546
C:\WINDOWS\SYSTEM32\windows.storage.dll:windows.storage.dll (00007FFEDE290000), size: 7946240 (result: 0), SymType: '-deferred-', PDB: '', fileVersion: 10.0.19041.1387
C:\WINDOWS\SYSTEM32\Wldp.dll:Wldp.dll (00007FFEDFB20000), size: 188416 (result: 0), SymType: '-deferred-', PDB: '', fileVersion: 10.0.19041.1320
C:\WINDOWS\SYSTEM32\profapi.dll:profapi.dll (00007FFEE00E0000), size: 126976 (result: 0), SymType: '-deferred-', PDB: '', fileVersion: 10.0.19041.844
C:\WINDOWS\System32\clbcatq.dll:clbcatq.dll (00007FFEE24A0000), size: 692224 (result: 0), SymType: '-deferred-', PDB: '', fileVersion: 2001.12.10941.16384
C:\WINDOWS\System32\netprofm.dll:netprofm.dll (00007FFED6730000), size: 253952 (result: 0), SymType: '-deferred-', PDB: '', fileVersion: 10.0.19041.906
C:\WINDOWS\System32\npmproxy.dll:npmproxy.dll (00007FFECB5E0000), size: 65536 (result: 0), SymType: '-deferred-', PDB: '', fileVersion: 10.0.19041.906
C:\WINDOWS\System32\NSI.dll:NSI.dll (00007FFEE11E0000), size: 32768 (result: 0), SymType: '-deferred-', PDB: '', fileVersion: 10.0.19041.610
C:\WINDOWS\SYSTEM32\dhcpcsvc6.DLL:dhcpcsvc6.DLL (00007FFECD670000), size: 94208 (result: 0), SymType: '-deferred-', PDB: '', fileVersion: 10.0.19041.546
C:\WINDOWS\SYSTEM32\dhcpcsvc.DLL:dhcpcsvc.DLL (00007FFECD7C0000), size: 118784 (result: 0), SymType: '-deferred-', PDB: '', fileVersion: 10.0.19041.546
C:\WINDOWS\SYSTEM32\DNSAPI.dll:DNSAPI.dll (00007FFEDF5B0000), size: 831488 (result: 0), SymType: '-deferred-', PDB: '', fileVersion: 10.0.19041.1320
C:\WINDOWS\System32\fwpuclnt.dll:fwpuclnt.dll (00007FFECD0C0000), size: 520192 (result: 0), SymType: '-deferred-', PDB: '', fileVersion: 10.0.19041.1348
C:\Windows\System32\rasadhlp.dll:rasadhlp.dll (00007FFECD420000), size: 40960 (result: 0), SymType: '-deferred-', PDB: '', fileVersion: 10.0.19041.546
C:\WINDOWS\SYSTEM32\d3d11.dll:d3d11.dll (00007FFED8E40000), size: 2506752 (result: 0), SymType: '-deferred-', PDB: '', fileVersion: 10.0.19041.1202
C:\WINDOWS\SYSTEM32\dxgi.dll:dxgi.dll (00007FFEDEA90000), size: 999424 (result: 0), SymType: '-deferred-', PDB: '', fileVersion: 10.0.19041.1266
C:\WINDOWS\System32\DriverStore\FileRepository\64ih8682.inf_amd64_9e8d740de7ce5aee\igd10iumd64.dll:igd10iumd64.dll (00007FFED1E80000), size: 23580672 (result: 0), SymType: '-deferred-', PDB: '', fileVersion: 27.20.100.8682
C:\WINDOWS\SYSTEM32\ncrypt.dll:ncrypt.dll (00007FFEDFB90000), size: 159744 (result: 0), SymType: '-deferred-', PDB: '', fileVersion: 10.0.19041.662
C:\WINDOWS\SYSTEM32\NTASN1.dll:NTASN1.dll (00007FFEDFB50000), size: 241664 (result: 0), SymType: '-deferred-', PDB: '', fileVersion: 10.0.19041.546
C:\WINDOWS\System32\DriverStore\FileRepository\64ih8682.inf_amd64_9e8d740de7ce5aee\igdgmm64.dll:igdgmm64.dll (00007FFED1900000), size: 2355200 (result: 0), SymType: '-deferred-', PDB: '', fileVersion: 27.20.100.8682
C:\WINDOWS\System32\DriverStore\FileRepository\64ih8682.inf_amd64_9e8d740de7ce5aee\igc64.dll:igc64.dll (00007FFECEC30000), size: 46538752 (result: 0), SymType: '-deferred-', PDB: '', fileVersion: 27.20.100.8682
C:\WINDOWS\SYSTEM32\dxcore.dll:dxcore.dll (00007FFED3620000), size: 241664 (result: 0), SymType: '-deferred-', PDB: '', fileVersion: 10.0.19041.546
C:\WINDOWS\system32\wbem\wbemprox.dll:wbemprox.dll (00007FFECA970000), size: 69632 (result: 0), SymType: '-deferred-', PDB: '', fileVersion: 10.0.19041.1320
C:\WINDOWS\SYSTEM32\wbemcomn.dll:wbemcomn.dll (00007FFECA990000), size: 598016 (result: 0), SymType: '-deferred-', PDB: '', fileVersion: 10.0.19041.1081
C:\WINDOWS\system32\wbem\wbemsvc.dll:wbemsvc.dll (00007FFEC52E0000), size: 81920 (result: 0), SymType: '-deferred-', PDB: '', fileVersion: 10.0.19041.1320
C:\WINDOWS\system32\wbem\fastprox.dll:fastprox.dll (00007FFEC4C40000), size: 1093632 (result: 0), SymType: '-deferred-', PDB: '', fileVersion: 10.0.19041.546
C:\WINDOWS\SYSTEM32\amsi.dll:amsi.dll (00007FFEC0E40000), size: 102400 (result: 0), SymType: '-deferred-', PDB: '', fileVersion: 10.0.19041.746
C:\WINDOWS\SYSTEM32\USERENV.dll:USERENV.dll (00007FFEE0060000), size: 188416 (result: 0), SymType: '-deferred-', PDB: '', fileVersion: 10.0.19041.572
C:\ProgramData\Microsoft\Windows Defender\Platform\4.18.2111.5-0\MpOav.dll:MpOav.dll (00007FFEC0D30000), size: 499712 (result: 0), SymType: '-deferred-', PDB: '', fileVersion: 4.18.2111.5
C:\WINDOWS\SYSTEM32\opencl.dll:opencl.dll (00007FFEC3940000), size: 512000 (result: 0), SymType: '-deferred-', PDB: '', fileVersion: 2.2.8.0
C:\Program Files\Unity\Hub\Editor\2020.2.7f1\Editor\radeonrays.dll:radeonrays.dll (00007FFEC2070000), size: 552960 (result: 0), SymType: '-deferred-', PDB: ''
C:\Program Files\Unity\Hub\Editor\2020.2.7f1\Editor\Data\MonoBleedingEdge\EmbedRuntime\mono-2.0-bdwgc.dll:mono-2.0-bdwgc.dll (00007FFE7CDC0000), size: 7790592 (result: 0), SymType: '-deferred-', PDB: ''
C:\WINDOWS\System32\PSAPI.DLL:PSAPI.DLL (00007FFEE26B0000), size: 32768 (result: 0), SymType: '-deferred-', PDB: '', fileVersion: 10.0.19041.546
C:\ProgramData\Microsoft\VisualStudio\Setup\x64\Microsoft.VisualStudio.Setup.Configuration.Native.dll:Microsoft.VisualStudio.Setup.Configuration.Native.dll (00007FFEC38F0000), size: 327680 (result: 0), SymType: '-deferred-', PDB: '', fileVersion: 2.11.47.9733
C:\WINDOWS\SYSTEM32\PROPSYS.dll:PROPSYS.dll (00007FFEDE130000), size: 1007616 (result: 0), SymType: '-deferred-', PDB: '', fileVersion: 7.0.19041.1023
C:\WINDOWS\SYSTEM32\WindowsCodecs.dll:WindowsCodecs.dll (00007FFED6A40000), size: 1785856 (result: 0), SymType: '-deferred-', PDB: '', fileVersion: 10.0.19041.1151
C:\Windows\System32\thumbcache.dll:thumbcache.dll (00007FFEB8460000), size: 417792 (result: 0), SymType: '-deferred-', PDB: '', fileVersion: 10.0.19041.1151
C:\WINDOWS\SYSTEM32\policymanager.dll:policymanager.dll (00007FFED78B0000), size: 655360 (result: 0), SymType: '-deferred-', PDB: '', fileVersion: 10.0.19041.1387
C:\WINDOWS\SYSTEM32\msvcp110_win.dll:msvcp110_win.dll (00007FFEDF290000), size: 565248 (result: 0), SymType: '-deferred-', PDB: '', fileVersion: 10.0.19041.546
C:\WINDOWS\SYSTEM32\dbghelp.dll:dbghelp.dll (00007FFEDDEF0000), size: 1982464 (result: 0), SymType: '-deferred-', PDB: '', fileVersion: 10.0.19041.867

========== OUTPUTTING STACK TRACE ==================

0x00007FFECEDE01A6 (igc64) GTPIN_IGC_OCL_UpdateKernelInfo
0x00007FFECFCDD2D6 (igc64) OpenCompiler12
0x00007FFECFCDF1D3 (igc64) OpenCompiler12
  ERROR: SymGetSymFromAddr64, GetLastError: '無効なアドレスにアクセスしようとしています。
' (Address: 00007FFED210287E)
0x00007FFED210287E (igd10iumd64) (function-name not available)
  ERROR: SymGetSymFromAddr64, GetLastError: '無効なアドレスにアクセスしようとしています。
' (Address: 00007FFED2026E46)
0x00007FFED2026E46 (igd10iumd64) (function-name not available)
  ERROR: SymGetSymFromAddr64, GetLastError: '無効なアドレスにアクセスしようとしています。
' (Address: 00007FFED20DDF03)
0x00007FFED20DDF03 (igd10iumd64) (function-name not available)
0x00007FFED215EBEA (igd10iumd64) OpenAdapter10_2
0x00007FFEE2567034 (KERNEL32) BaseThreadInitThunk
0x00007FFEE2AE2651 (ntdll) RtlUserThreadStart

========== END OF STACKTRACE ===========

A crash has been intercepted by the crash handler. For call stack and other details, see the latest crash report generated in:
 * C:/Users/mgczc/AppData/Local/Temp/Unity/Editor/Crashes
========================================================================
Received Import Request.
  Time since last request: 127.150608 seconds.
  path: Assets/Packages/UnityChan/Animations/POSE.anim
  artifactKey: Guid(436ff74ac49534413bb9a1c3242ffd4c) Importer(815301076,1909f56bfc062723c751e8b465ee728b)
Start importing Assets/Packages/UnityChan/Animations/POSE.anim using Guid(436ff74ac49534413bb9a1c3242ffd4c) Importer(815301076,1909f56bfc062723c751e8b465ee728b)  -> (artifact id: '01e3ce9d71c2c7b471ef6c0e7201d481') in 0.072847 seconds
  Import took 0.079662 seconds .

========================================================================
Received Import Request.
  Time since last request: 29.959395 seconds.
  path: Assets/Resources/player2.prefab
  artifactKey: Guid(2739dff1e8735154c95f1d5a0c3ce68d) Importer(815301076,1909f56bfc062723c751e8b465ee728b)
Start importing Assets/Resources/player2.prefab using Guid(2739dff1e8735154c95f1d5a0c3ce68d) Importer(815301076,1909f56bfc062723c751e8b465ee728b)  -> (artifact id: '5b2963a8ebd76026733230c351bc7c3b') in 0.261654 seconds
  Import took 0.302683 seconds .

========================================================================
Received Import Request.
  Time since last request: 0.001817 seconds.
  path: Assets/Resources/player3.prefab
  artifactKey: Guid(8fb76780e40bf1142ac84afa008dfa0c) Importer(815301076,1909f56bfc062723c751e8b465ee728b)
Start importing Assets/Resources/player3.prefab using Guid(8fb76780e40bf1142ac84afa008dfa0c) Importer(815301076,1909f56bfc062723c751e8b465ee728b)  -> (artifact id: 'a96b428dd7f47280d40bb49087eed52e') in 0.439231 seconds
  Import took 0.463468 seconds .

